Arguments: 
  C:\Program Files\nodejs\node.exe C:\Users\PG\AppData\Roaming\npm\node_modules\yarn\bin\yarn.js add @babel/env

PATH: 
  C:\Program Files (x86)\Intel\iCLS Client\;C:\Program Files\Intel\iCLS Client\;C:\Windows\system32;C:\Windows;C:\Windows\System32\Wbem;C:\Windows\System32\WindowsPowerShell\v1.0\;C:\Program Files (x86)\NVIDIA Corporation\PhysX\Common;C:\Program Files (x86)\Intel\Intel(R) Management Engine Components\DAL;C:\Program Files\Intel\Intel(R) Management Engine Components\DAL;C:\Program Files (x86)\Intel\Intel(R) Management Engine Components\IPT;C:\Program Files\Intel\Intel(R) Management Engine Components\IPT;C:\Program Files\nodejs\;C:\Program Files\Git\cmd;C:\Users\PG\AppData\Local\Programs\Python\Python37\Scripts\;C:\Users\PG\AppData\Local\Programs\Python\Python37\;C:\Users\PG\AppData\Local\Microsoft\WindowsApps;D:\Microsoft VS Code\bin;C:\Users\PG\AppData\Local\GitHubDesktop\bin;C:\Users\PG\AppData\Roaming\npm

Yarn version: 
  1.12.3

Node version: 
  10.15.0

Platform: 
  win32 x64

Trace: 
  Error: https://registry.yarnpkg.com/@babel%2fenv: Not found
      at Request.params.callback [as _callback] (C:\Users\PG\AppData\Roaming\npm\node_modules\yarn\lib\cli.js:65894:18)
      at Request.self.callback (C:\Users\PG\AppData\Roaming\npm\node_modules\yarn\lib\cli.js:129018:22)
      at Request.emit (events.js:182:13)
      at Request.<anonymous> (C:\Users\PG\AppData\Roaming\npm\node_modules\yarn\lib\cli.js:129990:10)
      at Request.emit (events.js:182:13)
      at IncomingMessage.<anonymous> (C:\Users\PG\AppData\Roaming\npm\node_modules\yarn\lib\cli.js:129912:12)
      at Object.onceWrapper (events.js:273:13)
      at IncomingMessage.emit (events.js:187:15)
      at endReadableNT (_stream_readable.js:1094:12)
      at process._tickCallback (internal/process/next_tick.js:63:19)

npm manifest: 
  {
    "name": "pack",
    "version": "1.0.0",
    "description": "",
    "main": "main.js",
    "scripts": {
      "test": "echo \"Error: no test specified\" && exit 1"
    },
    "author": "",
    "license": "ISC",
    "dependencies": {
      "@babel/core": "^7.2.2",
      "@babel/preset-env": "^7.2.3",
      "css": "^2.2.4",
      "fs": "^0.0.1-security",
      "jsdom": "^13.1.0"
    },
    "devDependencies": {
      "babel-plugin-import": "^1.11.0"
    }
  }

yarn manifest: 
  No manifest

Lockfile: 
  # THIS IS AN AUTOGENERATED FILE. DO NOT EDIT THIS FILE DIRECTLY.
  # yarn lockfile v1
  
  
  "@babel/code-frame@^7.0.0":
    version "7.0.0"
    resolved "https://registry.yarnpkg.com/@babel/code-frame/-/code-frame-7.0.0.tgz#06e2ab19bdb535385559aabb5ba59729482800f8"
    integrity sha512-OfC2uemaknXr87bdLUkWog7nYuliM9Ij5HUcajsVcMCpQrcLmtxRbVFTIqmcSkSeYRBFBRxs2FiUqFJDLdiebA==
    dependencies:
      "@babel/highlight" "^7.0.0"
  
  "@babel/core@^7.2.2":
    version "7.2.2"
    resolved "https://registry.yarnpkg.com/@babel/core/-/core-7.2.2.tgz#07adba6dde27bb5ad8d8672f15fde3e08184a687"
    integrity sha512-59vB0RWt09cAct5EIe58+NzGP4TFSD3Bz//2/ELy3ZeTeKF6VTD1AXlH8BGGbCX0PuobZBsIzO7IAI9PH67eKw==
    dependencies:
      "@babel/code-frame" "^7.0.0"
      "@babel/generator" "^7.2.2"
      "@babel/helpers" "^7.2.0"
      "@babel/parser" "^7.2.2"
      "@babel/template" "^7.2.2"
      "@babel/traverse" "^7.2.2"
      "@babel/types" "^7.2.2"
      convert-source-map "^1.1.0"
      debug "^4.1.0"
      json5 "^2.1.0"
      lodash "^4.17.10"
      resolve "^1.3.2"
      semver "^5.4.1"
      source-map "^0.5.0"
  
  "@babel/generator@^7.2.2":
    version "7.2.2"
    resolved "https://registry.yarnpkg.com/@babel/generator/-/generator-7.2.2.tgz#18c816c70962640eab42fe8cae5f3947a5c65ccc"
    integrity sha512-I4o675J/iS8k+P38dvJ3IBGqObLXyQLTxtrR4u9cSUJOURvafeEWb/pFMOTwtNrmq73mJzyF6ueTbO1BtN0Zeg==
    dependencies:
      "@babel/types" "^7.2.2"
      jsesc "^2.5.1"
      lodash "^4.17.10"
      source-map "^0.5.0"
      trim-right "^1.0.1"
  
  "@babel/helper-annotate-as-pure@^7.0.0":
    version "7.0.0"
    resolved "https://registry.yarnpkg.com/@babel/helper-annotate-as-pure/-/helper-annotate-as-pure-7.0.0.tgz#323d39dd0b50e10c7c06ca7d7638e6864d8c5c32"
    integrity sha512-3UYcJUj9kvSLbLbUIfQTqzcy5VX7GRZ/CCDrnOaZorFFM01aXp1+GJwuFGV4NDDoAS+mOUyHcO6UD/RfqOks3Q==
    dependencies:
      "@babel/types" "^7.0.0"
  
  "@babel/helper-builder-binary-assignment-operator-visitor@^7.1.0":
    version "7.1.0"
    resolved "https://registry.yarnpkg.com/@babel/helper-builder-binary-assignment-operator-visitor/-/helper-builder-binary-assignment-operator-visitor-7.1.0.tgz#6b69628dfe4087798e0c4ed98e3d4a6b2fbd2f5f"
    integrity sha512-qNSR4jrmJ8M1VMM9tibvyRAHXQs2PmaksQF7c1CGJNipfe3D8p+wgNwgso/P2A2r2mdgBWAXljNWR0QRZAMW8w==
    dependencies:
      "@babel/helper-explode-assignable-expression" "^7.1.0"
      "@babel/types" "^7.0.0"
  
  "@babel/helper-call-delegate@^7.1.0":
    version "7.1.0"
    resolved "https://registry.yarnpkg.com/@babel/helper-call-delegate/-/helper-call-delegate-7.1.0.tgz#6a957f105f37755e8645343d3038a22e1449cc4a"
    integrity sha512-YEtYZrw3GUK6emQHKthltKNZwszBcHK58Ygcis+gVUrF4/FmTVr5CCqQNSfmvg2y+YDEANyYoaLz/SHsnusCwQ==
    dependencies:
      "@babel/helper-hoist-variables" "^7.0.0"
      "@babel/traverse" "^7.1.0"
      "@babel/types" "^7.0.0"
  
  "@babel/helper-define-map@^7.1.0":
    version "7.1.0"
    resolved "https://registry.yarnpkg.com/@babel/helper-define-map/-/helper-define-map-7.1.0.tgz#3b74caec329b3c80c116290887c0dd9ae468c20c"
    integrity sha512-yPPcW8dc3gZLN+U1mhYV91QU3n5uTbx7DUdf8NnPbjS0RMwBuHi9Xt2MUgppmNz7CJxTBWsGczTiEp1CSOTPRg==
    dependencies:
      "@babel/helper-function-name" "^7.1.0"
      "@babel/types" "^7.0.0"
      lodash "^4.17.10"
  
  "@babel/helper-explode-assignable-expression@^7.1.0":
    version "7.1.0"
    resolved "https://registry.yarnpkg.com/@babel/helper-explode-assignable-expression/-/helper-explode-assignable-expression-7.1.0.tgz#537fa13f6f1674df745b0c00ec8fe4e99681c8f6"
    integrity sha512-NRQpfHrJ1msCHtKjbzs9YcMmJZOg6mQMmGRB+hbamEdG5PNpaSm95275VD92DvJKuyl0s2sFiDmMZ+EnnvufqA==
    dependencies:
      "@babel/traverse" "^7.1.0"
      "@babel/types" "^7.0.0"
  
  "@babel/helper-function-name@^7.1.0":
    version "7.1.0"
    resolved "https://registry.yarnpkg.com/@babel/helper-function-name/-/helper-function-name-7.1.0.tgz#a0ceb01685f73355d4360c1247f582bfafc8ff53"
    integrity sha512-A95XEoCpb3TO+KZzJ4S/5uW5fNe26DjBGqf1o9ucyLyCmi1dXq/B3c8iaWTfBk3VvetUxl16e8tIrd5teOCfGw==
    dependencies:
      "@babel/helper-get-function-arity" "^7.0.0"
      "@babel/template" "^7.1.0"
      "@babel/types" "^7.0.0"
  
  "@babel/helper-get-function-arity@^7.0.0":
    version "7.0.0"
    resolved "https://registry.yarnpkg.com/@babel/helper-get-function-arity/-/helper-get-function-arity-7.0.0.tgz#83572d4320e2a4657263734113c42868b64e49c3"
    integrity sha512-r2DbJeg4svYvt3HOS74U4eWKsUAMRH01Z1ds1zx8KNTPtpTL5JAsdFv8BNyOpVqdFhHkkRDIg5B4AsxmkjAlmQ==
    dependencies:
      "@babel/types" "^7.0.0"
  
  "@babel/helper-hoist-variables@^7.0.0":
    version "7.0.0"
    resolved "https://registry.yarnpkg.com/@babel/helper-hoist-variables/-/helper-hoist-variables-7.0.0.tgz#46adc4c5e758645ae7a45deb92bab0918c23bb88"
    integrity sha512-Ggv5sldXUeSKsuzLkddtyhyHe2YantsxWKNi7A+7LeD12ExRDWTRk29JCXpaHPAbMaIPZSil7n+lq78WY2VY7w==
    dependencies:
      "@babel/types" "^7.0.0"
  
  "@babel/helper-member-expression-to-functions@^7.0.0":
    version "7.0.0"
    resolved "https://registry.yarnpkg.com/@babel/helper-member-expression-to-functions/-/helper-member-expression-to-functions-7.0.0.tgz#8cd14b0a0df7ff00f009e7d7a436945f47c7a16f"
    integrity sha512-avo+lm/QmZlv27Zsi0xEor2fKcqWG56D5ae9dzklpIaY7cQMK5N8VSpaNVPPagiqmy7LrEjK1IWdGMOqPu5csg==
    dependencies:
      "@babel/types" "^7.0.0"
  
  "@babel/helper-module-imports@^7.0.0":
    version "7.0.0"
    resolved "https://registry.yarnpkg.com/@babel/helper-module-imports/-/helper-module-imports-7.0.0.tgz#96081b7111e486da4d2cd971ad1a4fe216cc2e3d"
    integrity sha512-aP/hlLq01DWNEiDg4Jn23i+CXxW/owM4WpDLFUbpjxe4NS3BhLVZQ5i7E0ZrxuQ/vwekIeciyamgB1UIYxxM6A==
    dependencies:
      "@babel/types" "^7.0.0"
  
  "@babel/helper-module-transforms@^7.1.0":
    version "7.2.2"
    resolved "https://registry.yarnpkg.com/@babel/helper-module-transforms/-/helper-module-transforms-7.2.2.tgz#ab2f8e8d231409f8370c883d20c335190284b963"
    integrity sha512-YRD7I6Wsv+IHuTPkAmAS4HhY0dkPobgLftHp0cRGZSdrRvmZY8rFvae/GVu3bD00qscuvK3WPHB3YdNpBXUqrA==
    dependencies:
      "@babel/helper-module-imports" "^7.0.0"
      "@babel/helper-simple-access" "^7.1.0"
      "@babel/helper-split-export-declaration" "^7.0.0"
      "@babel/template" "^7.2.2"
      "@babel/types" "^7.2.2"
      lodash "^4.17.10"
  
  "@babel/helper-optimise-call-expression@^7.0.0":
    version "7.0.0"
    resolved "https://registry.yarnpkg.com/@babel/helper-optimise-call-expression/-/helper-optimise-call-expression-7.0.0.tgz#a2920c5702b073c15de51106200aa8cad20497d5"
    integrity sha512-u8nd9NQePYNQV8iPWu/pLLYBqZBa4ZaY1YWRFMuxrid94wKI1QNt67NEZ7GAe5Kc/0LLScbim05xZFWkAdrj9g==
    dependencies:
      "@babel/types" "^7.0.0"
  
  "@babel/helper-plugin-utils@^7.0.0":
    version "7.0.0"
    resolved "https://registry.yarnpkg.com/@babel/helper-plugin-utils/-/helper-plugin-utils-7.0.0.tgz#bbb3fbee98661c569034237cc03967ba99b4f250"
    integrity sha512-CYAOUCARwExnEixLdB6sDm2dIJ/YgEAKDM1MOeMeZu9Ld/bDgVo8aiWrXwcY7OBh+1Ea2uUcVRcxKk0GJvW7QA==
  
  "@babel/helper-regex@^7.0.0":
    version "7.0.0"
    resolved "https://registry.yarnpkg.com/@babel/helper-regex/-/helper-regex-7.0.0.tgz#2c1718923b57f9bbe64705ffe5640ac64d9bdb27"
    integrity sha512-TR0/N0NDCcUIUEbqV6dCO+LptmmSQFQ7q70lfcEB4URsjD0E1HzicrwUH+ap6BAQ2jhCX9Q4UqZy4wilujWlkg==
    dependencies:
      lodash "^4.17.10"
  
  "@babel/helper-remap-async-to-generator@^7.1.0":
    version "7.1.0"
    resolved "https://registry.yarnpkg.com/@babel/helper-remap-async-to-generator/-/helper-remap-async-to-generator-7.1.0.tgz#361d80821b6f38da75bd3f0785ece20a88c5fe7f"
    integrity sha512-3fOK0L+Fdlg8S5al8u/hWE6vhufGSn0bN09xm2LXMy//REAF8kDCrYoOBKYmA8m5Nom+sV9LyLCwrFynA8/slg==
    dependencies:
      "@babel/helper-annotate-as-pure" "^7.0.0"
      "@babel/helper-wrap-function" "^7.1.0"
      "@babel/template" "^7.1.0"
      "@babel/traverse" "^7.1.0"
      "@babel/types" "^7.0.0"
  
  "@babel/helper-replace-supers@^7.1.0":
    version "7.2.3"
    resolved "https://registry.yarnpkg.com/@babel/helper-replace-supers/-/helper-replace-supers-7.2.3.tgz#19970020cf22677d62b3a689561dbd9644d8c5e5"
    integrity sha512-GyieIznGUfPXPWu0yLS6U55Mz67AZD9cUk0BfirOWlPrXlBcan9Gz+vHGz+cPfuoweZSnPzPIm67VtQM0OWZbA==
    dependencies:
      "@babel/helper-member-expression-to-functions" "^7.0.0"
      "@babel/helper-optimise-call-expression" "^7.0.0"
      "@babel/traverse" "^7.2.3"
      "@babel/types" "^7.0.0"
  
  "@babel/helper-simple-access@^7.1.0":
    version "7.1.0"
    resolved "https://registry.yarnpkg.com/@babel/helper-simple-access/-/helper-simple-access-7.1.0.tgz#65eeb954c8c245beaa4e859da6188f39d71e585c"
    integrity sha512-Vk+78hNjRbsiu49zAPALxTb+JUQCz1aolpd8osOF16BGnLtseD21nbHgLPGUwrXEurZgiCOUmvs3ExTu4F5x6w==
    dependencies:
      "@babel/template" "^7.1.0"
      "@babel/types" "^7.0.0"
  
  "@babel/helper-split-export-declaration@^7.0.0":
    version "7.0.0"
    resolved "https://registry.yarnpkg.com/@babel/helper-split-export-declaration/-/helper-split-export-declaration-7.0.0.tgz#3aae285c0311c2ab095d997b8c9a94cad547d813"
    integrity sha512-MXkOJqva62dfC0w85mEf/LucPPS/1+04nmmRMPEBUB++hiiThQ2zPtX/mEWQ3mtzCEjIJvPY8nuwxXtQeQwUag==
    dependencies:
      "@babel/types" "^7.0.0"
  
  "@babel/helper-wrap-function@^7.1.0":
    version "7.2.0"
    resolved "https://registry.yarnpkg.com/@babel/helper-wrap-function/-/helper-wrap-function-7.2.0.tgz#c4e0012445769e2815b55296ead43a958549f6fa"
    integrity sha512-o9fP1BZLLSrYlxYEYyl2aS+Flun5gtjTIG8iln+XuEzQTs0PLagAGSXUcqruJwD5fM48jzIEggCKpIfWTcR7pQ==
    dependencies:
      "@babel/helper-function-name" "^7.1.0"
      "@babel/template" "^7.1.0"
      "@babel/traverse" "^7.1.0"
      "@babel/types" "^7.2.0"
  
  "@babel/helpers@^7.2.0":
    version "7.2.0"
    resolved "https://registry.yarnpkg.com/@babel/helpers/-/helpers-7.2.0.tgz#8335f3140f3144270dc63c4732a4f8b0a50b7a21"
    integrity sha512-Fr07N+ea0dMcMN8nFpuK6dUIT7/ivt9yKQdEEnjVS83tG2pHwPi03gYmk/tyuwONnZ+sY+GFFPlWGgCtW1hF9A==
    dependencies:
      "@babel/template" "^7.1.2"
      "@babel/traverse" "^7.1.5"
      "@babel/types" "^7.2.0"
  
  "@babel/highlight@^7.0.0":
    version "7.0.0"
    resolved "https://registry.yarnpkg.com/@babel/highlight/-/highlight-7.0.0.tgz#f710c38c8d458e6dd9a201afb637fcb781ce99e4"
    integrity sha512-UFMC4ZeFC48Tpvj7C8UgLvtkaUuovQX+5xNWrsIoMG8o2z+XFKjKaN9iVmS84dPwVN00W4wPmqvYoZF3EGAsfw==
    dependencies:
      chalk "^2.0.0"
      esutils "^2.0.2"
      js-tokens "^4.0.0"
  
  "@babel/parser@^7.2.2", "@babel/parser@^7.2.3":
    version "7.2.3"
    resolved "https://registry.yarnpkg.com/@babel/parser/-/parser-7.2.3.tgz#32f5df65744b70888d17872ec106b02434ba1489"
    integrity sha512-0LyEcVlfCoFmci8mXx8A5oIkpkOgyo8dRHtxBnK9RRBwxO2+JZPNsqtVEZQ7mJFPxnXF9lfmU24mHOPI0qnlkA==
  
  "@babel/plugin-proposal-async-generator-functions@^7.2.0":
    version "7.2.0"
    resolved "https://registry.yarnpkg.com/@babel/plugin-proposal-async-generator-functions/-/plugin-proposal-async-generator-functions-7.2.0.tgz#b289b306669dce4ad20b0252889a15768c9d417e"
    integrity sha512-+Dfo/SCQqrwx48ptLVGLdE39YtWRuKc/Y9I5Fy0P1DDBB9lsAHpjcEJQt+4IifuSOSTLBKJObJqMvaO1pIE8LQ==
    dependencies:
      "@babel/helper-plugin-utils" "^7.0.0"
      "@babel/helper-remap-async-to-generator" "^7.1.0"
      "@babel/plugin-syntax-async-generators" "^7.2.0"
  
  "@babel/plugin-proposal-json-strings@^7.2.0":
    version "7.2.0"
    resolved "https://registry.yarnpkg.com/@babel/plugin-proposal-json-strings/-/plugin-proposal-json-strings-7.2.0.tgz#568ecc446c6148ae6b267f02551130891e29f317"
    integrity sha512-MAFV1CA/YVmYwZG0fBQyXhmj0BHCB5egZHCKWIFVv/XCxAeVGIHfos3SwDck4LvCllENIAg7xMKOG5kH0dzyUg==
    dependencies:
      "@babel/helper-plugin-utils" "^7.0.0"
      "@babel/plugin-syntax-json-strings" "^7.2.0"
  
  "@babel/plugin-proposal-object-rest-spread@^7.2.0":
    version "7.2.0"
    resolved "https://registry.yarnpkg.com/@babel/plugin-proposal-object-rest-spread/-/plugin-proposal-object-rest-spread-7.2.0.tgz#88f5fec3e7ad019014c97f7ee3c992f0adbf7fb8"
    integrity sha512-1L5mWLSvR76XYUQJXkd/EEQgjq8HHRP6lQuZTTg0VA4tTGPpGemmCdAfQIz1rzEuWAm+ecP8PyyEm30jC1eQCg==
    dependencies:
      "@babel/helper-plugin-utils" "^7.0.0"
      "@babel/plugin-syntax-object-rest-spread" "^7.2.0"
  
  "@babel/plugin-proposal-optional-catch-binding@^7.2.0":
    version "7.2.0"
    resolved "https://registry.yarnpkg.com/@babel/plugin-proposal-optional-catch-binding/-/plugin-proposal-optional-catch-binding-7.2.0.tgz#135d81edb68a081e55e56ec48541ece8065c38f5"
    integrity sha512-mgYj3jCcxug6KUcX4OBoOJz3CMrwRfQELPQ5560F70YQUBZB7uac9fqaWamKR1iWUzGiK2t0ygzjTScZnVz75g==
    dependencies:
      "@babel/helper-plugin-utils" "^7.0.0"
      "@babel/plugin-syntax-optional-catch-binding" "^7.2.0"
  
  "@babel/plugin-proposal-unicode-property-regex@^7.2.0":
    version "7.2.0"
    resolved "https://registry.yarnpkg.com/@babel/plugin-proposal-unicode-property-regex/-/plugin-proposal-unicode-property-regex-7.2.0.tgz#abe7281fe46c95ddc143a65e5358647792039520"
    integrity sha512-LvRVYb7kikuOtIoUeWTkOxQEV1kYvL5B6U3iWEGCzPNRus1MzJweFqORTj+0jkxozkTSYNJozPOddxmqdqsRpw==
    dependencies:
      "@babel/helper-plugin-utils" "^7.0.0"
      "@babel/helper-regex" "^7.0.0"
      regexpu-core "^4.2.0"
  
  "@babel/plugin-syntax-async-generators@^7.2.0":
    version "7.2.0"
    resolved "https://registry.yarnpkg.com/@babel/plugin-syntax-async-generators/-/plugin-syntax-async-generators-7.2.0.tgz#69e1f0db34c6f5a0cf7e2b3323bf159a76c8cb7f"
    integrity sha512-1ZrIRBv2t0GSlcwVoQ6VgSLpLgiN/FVQUzt9znxo7v2Ov4jJrs8RY8tv0wvDmFN3qIdMKWrmMMW6yZ0G19MfGg==
    dependencies:
      "@babel/helper-plugin-utils" "^7.0.0"
  
  "@babel/plugin-syntax-json-strings@^7.2.0":
    version "7.2.0"
    resolved "https://registry.yarnpkg.com/@babel/plugin-syntax-json-strings/-/plugin-syntax-json-strings-7.2.0.tgz#72bd13f6ffe1d25938129d2a186b11fd62951470"
    integrity sha512-5UGYnMSLRE1dqqZwug+1LISpA403HzlSfsg6P9VXU6TBjcSHeNlw4DxDx7LgpF+iKZoOG/+uzqoRHTdcUpiZNg==
    dependencies:
      "@babel/helper-plugin-utils" "^7.0.0"
  
  "@babel/plugin-syntax-object-rest-spread@^7.2.0":
    version "7.2.0"
    resolved "https://registry.yarnpkg.com/@babel/plugin-syntax-object-rest-spread/-/plugin-syntax-object-rest-spread-7.2.0.tgz#3b7a3e733510c57e820b9142a6579ac8b0dfad2e"
    integrity sha512-t0JKGgqk2We+9may3t0xDdmneaXmyxq0xieYcKHxIsrJO64n1OiMWNUtc5gQK1PA0NpdCRrtZp4z+IUaKugrSA==
    dependencies:
      "@babel/helper-plugin-utils" "^7.0.0"
  
  "@babel/plugin-syntax-optional-catch-binding@^7.2.0":
    version "7.2.0"
    resolved "https://registry.yarnpkg.com/@babel/plugin-syntax-optional-catch-binding/-/plugin-syntax-optional-catch-binding-7.2.0.tgz#a94013d6eda8908dfe6a477e7f9eda85656ecf5c"
    integrity sha512-bDe4xKNhb0LI7IvZHiA13kff0KEfaGX/Hv4lMA9+7TEc63hMNvfKo6ZFpXhKuEp+II/q35Gc4NoMeDZyaUbj9w==
    dependencies:
      "@babel/helper-plugin-utils" "^7.0.0"
  
  "@babel/plugin-transform-arrow-functions@^7.2.0":
    version "7.2.0"
    resolved "https://registry.yarnpkg.com/@babel/plugin-transform-arrow-functions/-/plugin-transform-arrow-functions-7.2.0.tgz#9aeafbe4d6ffc6563bf8f8372091628f00779550"
    integrity sha512-ER77Cax1+8/8jCB9fo4Ud161OZzWN5qawi4GusDuRLcDbDG+bIGYY20zb2dfAFdTRGzrfq2xZPvF0R64EHnimg==
    dependencies:
      "@babel/helper-plugin-utils" "^7.0.0"
  
  "@babel/plugin-transform-async-to-generator@^7.2.0":
    version "7.2.0"
    resolved "https://registry.yarnpkg.com/@babel/plugin-transform-async-to-generator/-/plugin-transform-async-to-generator-7.2.0.tgz#68b8a438663e88519e65b776f8938f3445b1a2ff"
    integrity sha512-CEHzg4g5UraReozI9D4fblBYABs7IM6UerAVG7EJVrTLC5keh00aEuLUT+O40+mJCEzaXkYfTCUKIyeDfMOFFQ==
    dependencies:
      "@babel/helper-module-imports" "^7.0.0"
      "@babel/helper-plugin-utils" "^7.0.0"
      "@babel/helper-remap-async-to-generator" "^7.1.0"
  
  "@babel/plugin-transform-block-scoped-functions@^7.2.0":
    version "7.2.0"
    resolved "https://registry.yarnpkg.com/@babel/plugin-transform-block-scoped-functions/-/plugin-transform-block-scoped-functions-7.2.0.tgz#5d3cc11e8d5ddd752aa64c9148d0db6cb79fd190"
    integrity sha512-ntQPR6q1/NKuphly49+QiQiTN0O63uOwjdD6dhIjSWBI5xlrbUFh720TIpzBhpnrLfv2tNH/BXvLIab1+BAI0w==
    dependencies:
      "@babel/helper-plugin-utils" "^7.0.0"
  
  "@babel/plugin-transform-block-scoping@^7.2.0":
    version "7.2.0"
    resolved "https://registry.yarnpkg.com/@babel/plugin-transform-block-scoping/-/plugin-transform-block-scoping-7.2.0.tgz#f17c49d91eedbcdf5dd50597d16f5f2f770132d4"
    integrity sha512-vDTgf19ZEV6mx35yiPJe4fS02mPQUUcBNwWQSZFXSzTSbsJFQvHt7DqyS3LK8oOWALFOsJ+8bbqBgkirZteD5Q==
    dependencies:
      "@babel/helper-plugin-utils" "^7.0.0"
      lodash "^4.17.10"
  
  "@babel/plugin-transform-classes@^7.2.0":
    version "7.2.2"
    resolved "https://registry.yarnpkg.com/@babel/plugin-transform-classes/-/plugin-transform-classes-7.2.2.tgz#6c90542f210ee975aa2aa8c8b5af7fa73a126953"
    integrity sha512-gEZvgTy1VtcDOaQty1l10T3jQmJKlNVxLDCs+3rCVPr6nMkODLELxViq5X9l+rfxbie3XrfrMCYYY6eX3aOcOQ==
    dependencies:
      "@babel/helper-annotate-as-pure" "^7.0.0"
      "@babel/helper-define-map" "^7.1.0"
      "@babel/helper-function-name" "^7.1.0"
      "@babel/helper-optimise-call-expression" "^7.0.0"
      "@babel/helper-plugin-utils" "^7.0.0"
      "@babel/helper-replace-supers" "^7.1.0"
      "@babel/helper-split-export-declaration" "^7.0.0"
      globals "^11.1.0"
  
  "@babel/plugin-transform-computed-properties@^7.2.0":
    version "7.2.0"
    resolved "https://registry.yarnpkg.com/@babel/plugin-transform-computed-properties/-/plugin-transform-computed-properties-7.2.0.tgz#83a7df6a658865b1c8f641d510c6f3af220216da"
    integrity sha512-kP/drqTxY6Xt3NNpKiMomfgkNn4o7+vKxK2DDKcBG9sHj51vHqMBGy8wbDS/J4lMxnqs153/T3+DmCEAkC5cpA==
    dependencies:
      "@babel/helper-plugin-utils" "^7.0.0"
  
  "@babel/plugin-transform-destructuring@^7.2.0":
    version "7.2.0"
    resolved "https://registry.yarnpkg.com/@babel/plugin-transform-destructuring/-/plugin-transform-destructuring-7.2.0.tgz#e75269b4b7889ec3a332cd0d0c8cff8fed0dc6f3"
    integrity sha512-coVO2Ayv7g0qdDbrNiadE4bU7lvCd9H539m2gMknyVjjMdwF/iCOM7R+E8PkntoqLkltO0rk+3axhpp/0v68VQ==
    dependencies:
      "@babel/helper-plugin-utils" "^7.0.0"
  
  "@babel/plugin-transform-dotall-regex@^7.2.0":
    version "7.2.0"
    resolved "https://registry.yarnpkg.com/@babel/plugin-transform-dotall-regex/-/plugin-transform-dotall-regex-7.2.0.tgz#f0aabb93d120a8ac61e925ea0ba440812dbe0e49"
    integrity sha512-sKxnyHfizweTgKZf7XsXu/CNupKhzijptfTM+bozonIuyVrLWVUvYjE2bhuSBML8VQeMxq4Mm63Q9qvcvUcciQ==
    dependencies:
      "@babel/helper-plugin-utils" "^7.0.0"
      "@babel/helper-regex" "^7.0.0"
      regexpu-core "^4.1.3"
  
  "@babel/plugin-transform-duplicate-keys@^7.2.0":
    version "7.2.0"
    resolved "https://registry.yarnpkg.com/@babel/plugin-transform-duplicate-keys/-/plugin-transform-duplicate-keys-7.2.0.tgz#d952c4930f312a4dbfff18f0b2914e60c35530b3"
    integrity sha512-q+yuxW4DsTjNceUiTzK0L+AfQ0zD9rWaTLiUqHA8p0gxx7lu1EylenfzjeIWNkPy6e/0VG/Wjw9uf9LueQwLOw==
    dependencies:
      "@babel/helper-plugin-utils" "^7.0.0"
  
  "@babel/plugin-transform-exponentiation-operator@^7.2.0":
    version "7.2.0"
    resolved "https://registry.yarnpkg.com/@babel/plugin-transform-exponentiation-operator/-/plugin-transform-exponentiation-operator-7.2.0.tgz#a63868289e5b4007f7054d46491af51435766008"
    integrity sha512-umh4hR6N7mu4Elq9GG8TOu9M0bakvlsREEC+ialrQN6ABS4oDQ69qJv1VtR3uxlKMCQMCvzk7vr17RHKcjx68A==
    dependencies:
      "@babel/helper-builder-binary-assignment-operator-visitor" "^7.1.0"
      "@babel/helper-plugin-utils" "^7.0.0"
  
  "@babel/plugin-transform-for-of@^7.2.0":
    version "7.2.0"
    resolved "https://registry.yarnpkg.com/@babel/plugin-transform-for-of/-/plugin-transform-for-of-7.2.0.tgz#ab7468befa80f764bb03d3cb5eef8cc998e1cad9"
    integrity sha512-Kz7Mt0SsV2tQk6jG5bBv5phVbkd0gd27SgYD4hH1aLMJRchM0dzHaXvrWhVZ+WxAlDoAKZ7Uy3jVTW2mKXQ1WQ==
    dependencies:
      "@babel/helper-plugin-utils" "^7.0.0"
  
  "@babel/plugin-transform-function-name@^7.2.0":
    version "7.2.0"
    resolved "https://registry.yarnpkg.com/@babel/plugin-transform-function-name/-/plugin-transform-function-name-7.2.0.tgz#f7930362829ff99a3174c39f0afcc024ef59731a"
    integrity sha512-kWgksow9lHdvBC2Z4mxTsvc7YdY7w/V6B2vy9cTIPtLEE9NhwoWivaxdNM/S37elu5bqlLP/qOY906LukO9lkQ==
    dependencies:
      "@babel/helper-function-name" "^7.1.0"
      "@babel/helper-plugin-utils" "^7.0.0"
  
  "@babel/plugin-transform-literals@^7.2.0":
    version "7.2.0"
    resolved "https://registry.yarnpkg.com/@babel/plugin-transform-literals/-/plugin-transform-literals-7.2.0.tgz#690353e81f9267dad4fd8cfd77eafa86aba53ea1"
    integrity sha512-2ThDhm4lI4oV7fVQ6pNNK+sx+c/GM5/SaML0w/r4ZB7sAneD/piDJtwdKlNckXeyGK7wlwg2E2w33C/Hh+VFCg==
    dependencies:
      "@babel/helper-plugin-utils" "^7.0.0"
  
  "@babel/plugin-transform-modules-amd@^7.2.0":
    version "7.2.0"
    resolved "https://registry.yarnpkg.com/@babel/plugin-transform-modules-amd/-/plugin-transform-modules-amd-7.2.0.tgz#82a9bce45b95441f617a24011dc89d12da7f4ee6"
    integrity sha512-mK2A8ucqz1qhrdqjS9VMIDfIvvT2thrEsIQzbaTdc5QFzhDjQv2CkJJ5f6BXIkgbmaoax3zBr2RyvV/8zeoUZw==
    dependencies:
      "@babel/helper-module-transforms" "^7.1.0"
      "@babel/helper-plugin-utils" "^7.0.0"
  
  "@babel/plugin-transform-modules-commonjs@^7.2.0":
    version "7.2.0"
    resolved "https://registry.yarnpkg.com/@babel/plugin-transform-modules-commonjs/-/plugin-transform-modules-commonjs-7.2.0.tgz#c4f1933f5991d5145e9cfad1dfd848ea1727f404"
    integrity sha512-V6y0uaUQrQPXUrmj+hgnks8va2L0zcZymeU7TtWEgdRLNkceafKXEduv7QzgQAE4lT+suwooG9dC7LFhdRAbVQ==
    dependencies:
      "@babel/helper-module-transforms" "^7.1.0"
      "@babel/helper-plugin-utils" "^7.0.0"
      "@babel/helper-simple-access" "^7.1.0"
  
  "@babel/plugin-transform-modules-systemjs@^7.2.0":
    version "7.2.0"
    resolved "https://registry.yarnpkg.com/@babel/plugin-transform-modules-systemjs/-/plugin-transform-modules-systemjs-7.2.0.tgz#912bfe9e5ff982924c81d0937c92d24994bb9068"
    integrity sha512-aYJwpAhoK9a+1+O625WIjvMY11wkB/ok0WClVwmeo3mCjcNRjt+/8gHWrB5i+00mUju0gWsBkQnPpdvQ7PImmQ==
    dependencies:
      "@babel/helper-hoist-variables" "^7.0.0"
      "@babel/helper-plugin-utils" "^7.0.0"
  
  "@babel/plugin-transform-modules-umd@^7.2.0":
    version "7.2.0"
    resolved "https://registry.yarnpkg.com/@babel/plugin-transform-modules-umd/-/plugin-transform-modules-umd-7.2.0.tgz#7678ce75169f0877b8eb2235538c074268dd01ae"
    integrity sha512-BV3bw6MyUH1iIsGhXlOK6sXhmSarZjtJ/vMiD9dNmpY8QXFFQTj+6v92pcfy1iqa8DeAfJFwoxcrS/TUZda6sw==
    dependencies:
      "@babel/helper-module-transforms" "^7.1.0"
      "@babel/helper-plugin-utils" "^7.0.0"
  
  "@babel/plugin-transform-new-target@^7.0.0":
    version "7.0.0"
    resolved "https://registry.yarnpkg.com/@babel/plugin-transform-new-target/-/plugin-transform-new-target-7.0.0.tgz#ae8fbd89517fa7892d20e6564e641e8770c3aa4a"
    integrity sha512-yin069FYjah+LbqfGeTfzIBODex/e++Yfa0rH0fpfam9uTbuEeEOx5GLGr210ggOV77mVRNoeqSYqeuaqSzVSw==
    dependencies:
      "@babel/helper-plugin-utils" "^7.0.0"
  
  "@babel/plugin-transform-object-super@^7.2.0":
    version "7.2.0"
    resolved "https://registry.yarnpkg.com/@babel/plugin-transform-object-super/-/plugin-transform-object-super-7.2.0.tgz#b35d4c10f56bab5d650047dad0f1d8e8814b6598"
    integrity sha512-VMyhPYZISFZAqAPVkiYb7dUe2AsVi2/wCT5+wZdsNO31FojQJa9ns40hzZ6U9f50Jlq4w6qwzdBB2uwqZ00ebg==
    dependencies:
      "@babel/helper-plugin-utils" "^7.0.0"
      "@babel/helper-replace-supers" "^7.1.0"
  
  "@babel/plugin-transform-parameters@^7.2.0":
    version "7.2.0"
    resolved "https://registry.yarnpkg.com/@babel/plugin-transform-parameters/-/plugin-transform-parameters-7.2.0.tgz#0d5ad15dc805e2ea866df4dd6682bfe76d1408c2"
    integrity sha512-kB9+hhUidIgUoBQ0MsxMewhzr8i60nMa2KgeJKQWYrqQpqcBYtnpR+JgkadZVZoaEZ/eKu9mclFaVwhRpLNSzA==
    dependencies:
      "@babel/helper-call-delegate" "^7.1.0"
      "@babel/helper-get-function-arity" "^7.0.0"
      "@babel/helper-plugin-utils" "^7.0.0"
  
  "@babel/plugin-transform-regenerator@^7.0.0":
    version "7.0.0"
    resolved "https://registry.yarnpkg.com/@babel/plugin-transform-regenerator/-/plugin-transform-regenerator-7.0.0.tgz#5b41686b4ed40bef874d7ed6a84bdd849c13e0c1"
    integrity sha512-sj2qzsEx8KDVv1QuJc/dEfilkg3RRPvPYx/VnKLtItVQRWt1Wqf5eVCOLZm29CiGFfYYsA3VPjfizTCV0S0Dlw==
    dependencies:
      regenerator-transform "^0.13.3"
  
  "@babel/plugin-transform-shorthand-properties@^7.2.0":
    version "7.2.0"
    resolved "https://registry.yarnpkg.com/@babel/plugin-transform-shorthand-properties/-/plugin-transform-shorthand-properties-7.2.0.tgz#6333aee2f8d6ee7e28615457298934a3b46198f0"
    integrity sha512-QP4eUM83ha9zmYtpbnyjTLAGKQritA5XW/iG9cjtuOI8s1RuL/3V6a3DeSHfKutJQ+ayUfeZJPcnCYEQzaPQqg==
    dependencies:
      "@babel/helper-plugin-utils" "^7.0.0"
  
  "@babel/plugin-transform-spread@^7.2.0":
    version "7.2.2"
    resolved "https://registry.yarnpkg.com/@babel/plugin-transform-spread/-/plugin-transform-spread-7.2.2.tgz#3103a9abe22f742b6d406ecd3cd49b774919b406"
    integrity sha512-KWfky/58vubwtS0hLqEnrWJjsMGaOeSBn90Ezn5Jeg9Z8KKHmELbP1yGylMlm5N6TPKeY9A2+UaSYLdxahg01w==
    dependencies:
      "@babel/helper-plugin-utils" "^7.0.0"
  
  "@babel/plugin-transform-sticky-regex@^7.2.0":
    version "7.2.0"
    resolved "https://registry.yarnpkg.com/@babel/plugin-transform-sticky-regex/-/plugin-transform-sticky-regex-7.2.0.tgz#a1e454b5995560a9c1e0d537dfc15061fd2687e1"
    integrity sha512-KKYCoGaRAf+ckH8gEL3JHUaFVyNHKe3ASNsZ+AlktgHevvxGigoIttrEJb8iKN03Q7Eazlv1s6cx2B2cQ3Jabw==
    dependencies:
      "@babel/helper-plugin-utils" "^7.0.0"
      "@babel/helper-regex" "^7.0.0"
  
  "@babel/plugin-transform-template-literals@^7.2.0":
    version "7.2.0"
    resolved "https://registry.yarnpkg.com/@babel/plugin-transform-template-literals/-/plugin-transform-template-literals-7.2.0.tgz#d87ed01b8eaac7a92473f608c97c089de2ba1e5b"
    integrity sha512-FkPix00J9A/XWXv4VoKJBMeSkyY9x/TqIh76wzcdfl57RJJcf8CehQ08uwfhCDNtRQYtHQKBTwKZDEyjE13Lwg==
    dependencies:
      "@babel/helper-annotate-as-pure" "^7.0.0"
      "@babel/helper-plugin-utils" "^7.0.0"
  
  "@babel/plugin-transform-typeof-symbol@^7.2.0":
    version "7.2.0"
    resolved "https://registry.yarnpkg.com/@babel/plugin-transform-typeof-symbol/-/plugin-transform-typeof-symbol-7.2.0.tgz#117d2bcec2fbf64b4b59d1f9819894682d29f2b2"
    integrity sha512-2LNhETWYxiYysBtrBTqL8+La0jIoQQnIScUJc74OYvUGRmkskNY4EzLCnjHBzdmb38wqtTaixpo1NctEcvMDZw==
    dependencies:
      "@babel/helper-plugin-utils" "^7.0.0"
  
  "@babel/plugin-transform-unicode-regex@^7.2.0":
    version "7.2.0"
    resolved "https://registry.yarnpkg.com/@babel/plugin-transform-unicode-regex/-/plugin-transform-unicode-regex-7.2.0.tgz#4eb8db16f972f8abb5062c161b8b115546ade08b"
    integrity sha512-m48Y0lMhrbXEJnVUaYly29jRXbQ3ksxPrS1Tg8t+MHqzXhtBYAvI51euOBaoAlZLPHsieY9XPVMf80a5x0cPcA==
    dependencies:
      "@babel/helper-plugin-utils" "^7.0.0"
      "@babel/helper-regex" "^7.0.0"
      regexpu-core "^4.1.3"
  
  "@babel/preset-env@^7.2.3":
    version "7.2.3"
    resolved "https://registry.yarnpkg.com/@babel/preset-env/-/preset-env-7.2.3.tgz#948c8df4d4609c99c7e0130169f052ea6a7a8933"
    integrity sha512-AuHzW7a9rbv5WXmvGaPX7wADxFkZIqKlbBh1dmZUQp4iwiPpkE/Qnrji6SC4UQCQzvWY/cpHET29eUhXS9cLPw==
    dependencies:
      "@babel/helper-module-imports" "^7.0.0"
      "@babel/helper-plugin-utils" "^7.0.0"
      "@babel/plugin-proposal-async-generator-functions" "^7.2.0"
      "@babel/plugin-proposal-json-strings" "^7.2.0"
      "@babel/plugin-proposal-object-rest-spread" "^7.2.0"
      "@babel/plugin-proposal-optional-catch-binding" "^7.2.0"
      "@babel/plugin-proposal-unicode-property-regex" "^7.2.0"
      "@babel/plugin-syntax-async-generators" "^7.2.0"
      "@babel/plugin-syntax-object-rest-spread" "^7.2.0"
      "@babel/plugin-syntax-optional-catch-binding" "^7.2.0"
      "@babel/plugin-transform-arrow-functions" "^7.2.0"
      "@babel/plugin-transform-async-to-generator" "^7.2.0"
      "@babel/plugin-transform-block-scoped-functions" "^7.2.0"
      "@babel/plugin-transform-block-scoping" "^7.2.0"
      "@babel/plugin-transform-classes" "^7.2.0"
      "@babel/plugin-transform-computed-properties" "^7.2.0"
      "@babel/plugin-transform-destructuring" "^7.2.0"
      "@babel/plugin-transform-dotall-regex" "^7.2.0"
      "@babel/plugin-transform-duplicate-keys" "^7.2.0"
      "@babel/plugin-transform-exponentiation-operator" "^7.2.0"
      "@babel/plugin-transform-for-of" "^7.2.0"
      "@babel/plugin-transform-function-name" "^7.2.0"
      "@babel/plugin-transform-literals" "^7.2.0"
      "@babel/plugin-transform-modules-amd" "^7.2.0"
      "@babel/plugin-transform-modules-commonjs" "^7.2.0"
      "@babel/plugin-transform-modules-systemjs" "^7.2.0"
      "@babel/plugin-transform-modules-umd" "^7.2.0"
      "@babel/plugin-transform-new-target" "^7.0.0"
      "@babel/plugin-transform-object-super" "^7.2.0"
      "@babel/plugin-transform-parameters" "^7.2.0"
      "@babel/plugin-transform-regenerator" "^7.0.0"
      "@babel/plugin-transform-shorthand-properties" "^7.2.0"
      "@babel/plugin-transform-spread" "^7.2.0"
      "@babel/plugin-transform-sticky-regex" "^7.2.0"
      "@babel/plugin-transform-template-literals" "^7.2.0"
      "@babel/plugin-transform-typeof-symbol" "^7.2.0"
      "@babel/plugin-transform-unicode-regex" "^7.2.0"
      browserslist "^4.3.4"
      invariant "^2.2.2"
      js-levenshtein "^1.1.3"
      semver "^5.3.0"
  
  "@babel/runtime@^7.0.0":
    version "7.2.0"
    resolved "https://registry.yarnpkg.com/@babel/runtime/-/runtime-7.2.0.tgz#b03e42eeddf5898e00646e4c840fa07ba8dcad7f"
    integrity sha512-oouEibCbHMVdZSDlJBO6bZmID/zA/G/Qx3H1d3rSNPTD+L8UNKvCat7aKWSJ74zYbm5zWGh0GQN0hKj8zYFTCg==
    dependencies:
      regenerator-runtime "^0.12.0"
  
  "@babel/template@^7.1.0", "@babel/template@^7.1.2", "@babel/template@^7.2.2":
    version "7.2.2"
    resolved "https://registry.yarnpkg.com/@babel/template/-/template-7.2.2.tgz#005b3fdf0ed96e88041330379e0da9a708eb2907"
    integrity sha512-zRL0IMM02AUDwghf5LMSSDEz7sBCO2YnNmpg3uWTZj/v1rcG2BmQUvaGU8GhU8BvfMh1k2KIAYZ7Ji9KXPUg7g==
    dependencies:
      "@babel/code-frame" "^7.0.0"
      "@babel/parser" "^7.2.2"
      "@babel/types" "^7.2.2"
  
  "@babel/traverse@^7.1.0", "@babel/traverse@^7.1.5", "@babel/traverse@^7.2.2", "@babel/traverse@^7.2.3":
    version "7.2.3"
    resolved "https://registry.yarnpkg.com/@babel/traverse/-/traverse-7.2.3.tgz#7ff50cefa9c7c0bd2d81231fdac122f3957748d8"
    integrity sha512-Z31oUD/fJvEWVR0lNZtfgvVt512ForCTNKYcJBGbPb1QZfve4WGH8Wsy7+Mev33/45fhP/hwQtvgusNdcCMgSw==
    dependencies:
      "@babel/code-frame" "^7.0.0"
      "@babel/generator" "^7.2.2"
      "@babel/helper-function-name" "^7.1.0"
      "@babel/helper-split-export-declaration" "^7.0.0"
      "@babel/parser" "^7.2.3"
      "@babel/types" "^7.2.2"
      debug "^4.1.0"
      globals "^11.1.0"
      lodash "^4.17.10"
  
  "@babel/types@^7.0.0", "@babel/types@^7.2.0", "@babel/types@^7.2.2":
    version "7.2.2"
    resolved "https://registry.yarnpkg.com/@babel/types/-/types-7.2.2.tgz#44e10fc24e33af524488b716cdaee5360ea8ed1e"
    integrity sha512-fKCuD6UFUMkR541eDWL+2ih/xFZBXPOg/7EQFeTluMDebfqR4jrpaCjLhkWlQS4hT6nRa2PMEgXKbRB5/H2fpg==
    dependencies:
      esutils "^2.0.2"
      lodash "^4.17.10"
      to-fast-properties "^2.0.0"
  
  abab@^2.0.0:
    version "2.0.0"
    resolved "https://registry.yarnpkg.com/abab/-/abab-2.0.0.tgz#aba0ab4c5eee2d4c79d3487d85450fb2376ebb0f"
    integrity sha512-sY5AXXVZv4Y1VACTtR11UJCPHHudgY5i26Qj5TypE6DKlIApbwb5uqhXcJ5UUGbvZNRh7EeIoW+LrJumBsKp7w==
  
  acorn-globals@^4.3.0:
    version "4.3.0"
    resolved "https://registry.yarnpkg.com/acorn-globals/-/acorn-globals-4.3.0.tgz#e3b6f8da3c1552a95ae627571f7dd6923bb54103"
    integrity sha512-hMtHj3s5RnuhvHPowpBYvJVj3rAar82JiDQHvGs1zO0l10ocX/xEdBShNHTJaboucJUsScghp74pH3s7EnHHQw==
    dependencies:
      acorn "^6.0.1"
      acorn-walk "^6.0.1"
  
  acorn-walk@^6.0.1:
    version "6.1.1"
    resolved "https://registry.yarnpkg.com/acorn-walk/-/acorn-walk-6.1.1.tgz#d363b66f5fac5f018ff9c3a1e7b6f8e310cc3913"
    integrity sha512-OtUw6JUTgxA2QoqqmrmQ7F2NYqiBPi/L2jqHyFtllhOUvXYQXf0Z1CYUinIfyT4bTCGmrA7gX9FvHA81uzCoVw==
  
  acorn@^6.0.1, acorn@^6.0.4:
    version "6.0.5"
    resolved "https://registry.yarnpkg.com/acorn/-/acorn-6.0.5.tgz#81730c0815f3f3b34d8efa95cb7430965f4d887a"
    integrity sha512-i33Zgp3XWtmZBMNvCr4azvOFeWVw1Rk6p3hfi3LUDvIFraOMywb1kAtrbi+med14m4Xfpqm3zRZMT+c0FNE7kg==
  
  ajv@^6.5.5:
    version "6.6.2"
    resolved "https://registry.yarnpkg.com/ajv/-/ajv-6.6.2.tgz#caceccf474bf3fc3ce3b147443711a24063cc30d"
    integrity sha512-FBHEW6Jf5TB9MGBgUUA9XHkTbjXYfAUjY43ACMfmdMRHniyoMHjHjzD50OK8LGDWQwp4rWEsIq5kEqq7rvIM1g==
    dependencies:
      fast-deep-equal "^2.0.1"
      fast-json-stable-stringify "^2.0.0"
      json-schema-traverse "^0.4.1"
      uri-js "^4.2.2"
  
  ansi-styles@^3.2.1:
    version "3.2.1"
    resolved "https://registry.yarnpkg.com/ansi-styles/-/ansi-styles-3.2.1.tgz#41fbb20243e50b12be0f04b8dedbf07520ce841d"
    integrity sha512-VT0ZI6kZRdTh8YyJw3SMbYm/u+NqfsAxEpWO0Pf9sq8/e94WxxOpPKx9FR1FlyCtOVDNOQ+8ntlqFxiRc+r5qA==
    dependencies:
      color-convert "^1.9.0"
  
  array-equal@^1.0.0:
    version "1.0.0"
    resolved "https://registry.yarnpkg.com/array-equal/-/array-equal-1.0.0.tgz#8c2a5ef2472fd9ea742b04c77a75093ba2757c93"
    integrity sha1-jCpe8kcv2ep0KwTHenUJO6J1fJM=
  
  asn1@~0.2.3:
    version "0.2.4"
    resolved "https://registry.yarnpkg.com/asn1/-/asn1-0.2.4.tgz#8d2475dfab553bb33e77b54e59e880bb8ce23136"
    integrity sha512-jxwzQpLQjSmWXgwaCZE9Nz+glAG01yF1QnWgbhGwHI5A6FRIEY6IVqtHhIepHqI7/kyEyQEagBC5mBEFlIYvdg==
    dependencies:
      safer-buffer "~2.1.0"
  
  assert-plus@1.0.0, assert-plus@^1.0.0:
    version "1.0.0"
    resolved "https://registry.yarnpkg.com/assert-plus/-/assert-plus-1.0.0.tgz#f12e0f3c5d77b0b1cdd9146942e4e96c1e4dd525"
    integrity sha1-8S4PPF13sLHN2RRpQuTpbB5N1SU=
  
  async-limiter@~1.0.0:
    version "1.0.0"
    resolved "https://registry.yarnpkg.com/async-limiter/-/async-limiter-1.0.0.tgz#78faed8c3d074ab81f22b4e985d79e8738f720f8"
    integrity sha512-jp/uFnooOiO+L211eZOoSyzpOITMXx1rBITauYykG3BRYPu8h0UcxsPNB04RR5vo4Tyz3+ay17tR6JVf9qzYWg==
  
  asynckit@^0.4.0:
    version "0.4.0"
    resolved "https://registry.yarnpkg.com/asynckit/-/asynckit-0.4.0.tgz#c79ed97f7f34cb8f2ba1bc9790bcc366474b4b79"
    integrity sha1-x57Zf380y48robyXkLzDZkdLS3k=
  
  atob@^2.1.1:
    version "2.1.2"
    resolved "https://registry.yarnpkg.com/atob/-/atob-2.1.2.tgz#6d9517eb9e030d2436666651e86bd9f6f13533c9"
    integrity sha512-Wm6ukoaOGJi/73p/cl2GvLjTI5JM1k/O14isD73YML8StrH/7/lRFgmg8nICZgD3bZZvjwCGxtMOD3wWNAu8cg==
  
  aws-sign2@~0.7.0:
    version "0.7.0"
    resolved "https://registry.yarnpkg.com/aws-sign2/-/aws-sign2-0.7.0.tgz#b46e890934a9591f2d2f6f86d7e6a9f1b3fe76a8"
    integrity sha1-tG6JCTSpWR8tL2+G1+ap8bP+dqg=
  
  aws4@^1.8.0:
    version "1.8.0"
    resolved "https://registry.yarnpkg.com/aws4/-/aws4-1.8.0.tgz#f0e003d9ca9e7f59c7a508945d7b2ef9a04a542f"
    integrity sha512-ReZxvNHIOv88FlT7rxcXIIC0fPt4KZqZbOlivyWtXLt8ESx84zd3kMC6iK5jVeS2qt+g7ftS7ye4fi06X5rtRQ==
  
  babel-plugin-import@^1.11.0:
    version "1.11.0"
    resolved "https://registry.yarnpkg.com/babel-plugin-import/-/babel-plugin-import-1.11.0.tgz#78ac908e6b225206babb734e19eae5f78d6d1035"
    integrity sha512-de9dWdU1YjmWRPYurlHRKD2hTd24z0bIQ0/JgyXqLMXML+TsvEkVhtqzOsNtu9MmCuvwBiTTTjZBbZXA1Xu7TQ==
    dependencies:
      "@babel/helper-module-imports" "^7.0.0"
      "@babel/runtime" "^7.0.0"
  
  bcrypt-pbkdf@^1.0.0:
    version "1.0.2"
    resolved "https://registry.yarnpkg.com/bcrypt-pbkdf/-/bcrypt-pbkdf-1.0.2.tgz#a4301d389b6a43f9b67ff3ca11a3f6637e360e9e"
    integrity sha1-pDAdOJtqQ/m2f/PKEaP2Y342Dp4=
    dependencies:
      tweetnacl "^0.14.3"
  
  browser-process-hrtime@^0.1.2:
    version "0.1.3"
    resolved "https://registry.yarnpkg.com/browser-process-hrtime/-/browser-process-hrtime-0.1.3.tgz#616f00faef1df7ec1b5bf9cfe2bdc3170f26c7b4"
    integrity sha512-bRFnI4NnjO6cnyLmOV/7PVoDEMJChlcfN0z4s1YMBY989/SvlfMI1lgCnkFUs53e9gQF+w7qu7XdllSTiSl8Aw==
  
  browserslist@^4.3.4:
    version "4.3.7"
    resolved "https://registry.yarnpkg.com/browserslist/-/browserslist-4.3.7.tgz#f1de479a6466ea47a0a26dcc725e7504817e624a"
    integrity sha512-pWQv51Ynb0MNk9JGMCZ8VkM785/4MQNXiFYtPqI7EEP0TJO+/d/NqRVn1uiAN0DNbnlUSpL2sh16Kspasv3pUQ==
    dependencies:
      caniuse-lite "^1.0.30000925"
      electron-to-chromium "^1.3.96"
      node-releases "^1.1.3"
  
  caniuse-lite@^1.0.30000925:
    version "1.0.30000927"
    resolved "https://registry.yarnpkg.com/caniuse-lite/-/caniuse-lite-1.0.30000927.tgz#114a9de4ff1e01f5790fe578ecd93421c7524665"
    integrity sha512-ogq4NbUWf1uG/j66k0AmiO3GjqJAlQyF8n4w8a954cbCyFKmYGvRtgz6qkq2fWuduTXHibX7GyYL5Pg58Aks2g==
  
  caseless@~0.12.0:
    version "0.12.0"
    resolved "https://registry.yarnpkg.com/caseless/-/caseless-0.12.0.tgz#1b681c21ff84033c826543090689420d187151dc"
    integrity sha1-G2gcIf+EAzyCZUMJBolCDRhxUdw=
  
  chalk@^2.0.0:
    version "2.4.2"
    resolved "https://registry.yarnpkg.com/chalk/-/chalk-2.4.2.tgz#cd42541677a54333cf541a49108c1432b44c9424"
    integrity sha512-Mti+f9lpJNcwF4tWV8/OrTTtF1gZi+f8FqlyAdouralcFWFQWF2+NgCHShjkCb+IFBLq9buZwE1xckQU4peSuQ==
    dependencies:
      ansi-styles "^3.2.1"
      escape-string-regexp "^1.0.5"
      supports-color "^5.3.0"
  
  color-convert@^1.9.0:
    version "1.9.3"
    resolved "https://registry.yarnpkg.com/color-convert/-/color-convert-1.9.3.tgz#bb71850690e1f136567de629d2d5471deda4c1e8"
    integrity sha512-QfAUtd+vFdAtFQcC8CCyYt1fYWxSqAiK2cSD6zDB8N3cpsEBAvRxp9zOGg6G/SHHJYAT88/az/IuDGALsNVbGg==
    dependencies:
      color-name "1.1.3"
  
  color-name@1.1.3:
    version "1.1.3"
    resolved "https://registry.yarnpkg.com/color-name/-/color-name-1.1.3.tgz#a7d0558bd89c42f795dd42328f740831ca53bc25"
    integrity sha1-p9BVi9icQveV3UIyj3QIMcpTvCU=
  
  combined-stream@^1.0.6, combined-stream@~1.0.6:
    version "1.0.7"
    resolved "https://registry.yarnpkg.com/combined-stream/-/combined-stream-1.0.7.tgz#2d1d24317afb8abe95d6d2c0b07b57813539d828"
    integrity sha512-brWl9y6vOB1xYPZcpZde3N9zDByXTosAeMDo4p1wzo6UMOX4vumB+TP1RZ76sfE6Md68Q0NJSrE/gbezd4Ul+w==
    dependencies:
      delayed-stream "~1.0.0"
  
  convert-source-map@^1.1.0:
    version "1.6.0"
    resolved "https://registry.yarnpkg.com/convert-source-map/-/convert-source-map-1.6.0.tgz#51b537a8c43e0f04dec1993bffcdd504e758ac20"
    integrity sha512-eFu7XigvxdZ1ETfbgPBohgyQ/Z++C0eEhTor0qRwBw9unw+L0/6V8wkSuGgzdThkiS5lSpdptOQPD8Ak40a+7A==
    dependencies:
      safe-buffer "~5.1.1"
  
  core-util-is@1.0.2:
    version "1.0.2"
    resolved "https://registry.yarnpkg.com/core-util-is/-/core-util-is-1.0.2.tgz#b5fd54220aa2bc5ab57aab7140c940754503c1a7"
    integrity sha1-tf1UIgqivFq1eqtxQMlAdUUDwac=
  
  css@^2.2.4:
    version "2.2.4"
    resolved "https://registry.yarnpkg.com/css/-/css-2.2.4.tgz#c646755c73971f2bba6a601e2cf2fd71b1298929"
    integrity sha512-oUnjmWpy0niI3x/mPL8dVEI1l7MnG3+HHyRPHf+YFSbK+svOhXpmSOcDURUh2aOCgl2grzrOPt1nHLuCVFULLw==
    dependencies:
      inherits "^2.0.3"
      source-map "^0.6.1"
      source-map-resolve "^0.5.2"
      urix "^0.1.0"
  
  cssom@0.3.x, cssom@^0.3.4:
    version "0.3.4"
    resolved "https://registry.yarnpkg.com/cssom/-/cssom-0.3.4.tgz#8cd52e8a3acfd68d3aed38ee0a640177d2f9d797"
    integrity sha512-+7prCSORpXNeR4/fUP3rL+TzqtiFfhMvTd7uEqMdgPvLPt4+uzFUeufx5RHjGTACCargg/DiEt/moMQmvnfkog==
  
  cssstyle@^1.1.1:
    version "1.1.1"
    resolved "https://registry.yarnpkg.com/cssstyle/-/cssstyle-1.1.1.tgz#18b038a9c44d65f7a8e428a653b9f6fe42faf5fb"
    integrity sha512-364AI1l/M5TYcFH83JnOH/pSqgaNnKmYgKrm0didZMGKWjQB60dymwWy1rKUgL3J1ffdq9xVi2yGLHdSjjSNog==
    dependencies:
      cssom "0.3.x"
  
  dashdash@^1.12.0:
    version "1.14.1"
    resolved "https://registry.yarnpkg.com/dashdash/-/dashdash-1.14.1.tgz#853cfa0f7cbe2fed5de20326b8dd581035f6e2f0"
    integrity sha1-hTz6D3y+L+1d4gMmuN1YEDX24vA=
    dependencies:
      assert-plus "^1.0.0"
  
  data-urls@^1.1.0:
    version "1.1.0"
    resolved "https://registry.yarnpkg.com/data-urls/-/data-urls-1.1.0.tgz#15ee0582baa5e22bb59c77140da8f9c76963bbfe"
    integrity sha512-YTWYI9se1P55u58gL5GkQHW4P6VJBJ5iBT+B5a7i2Tjadhv52paJG0qHX4A0OR6/t52odI64KP2YvFpkDOi3eQ==
    dependencies:
      abab "^2.0.0"
      whatwg-mimetype "^2.2.0"
      whatwg-url "^7.0.0"
  
  debug@^4.1.0:
    version "4.1.1"
    resolved "https://registry.yarnpkg.com/debug/-/debug-4.1.1.tgz#3b72260255109c6b589cee050f1d516139664791"
    integrity sha512-pYAIzeRo8J6KPEaJ0VWOh5Pzkbw/RetuzehGM7QRRX5he4fPHx2rdKMB256ehJCkX+XRQm16eZLqLNS8RSZXZw==
    dependencies:
      ms "^2.1.1"
  
  decode-uri-component@^0.2.0:
    version "0.2.0"
    resolved "https://registry.yarnpkg.com/decode-uri-component/-/decode-uri-component-0.2.0.tgz#eb3913333458775cb84cd1a1fae062106bb87545"
    integrity sha1-6zkTMzRYd1y4TNGh+uBiEGu4dUU=
  
  deep-is@~0.1.3:
    version "0.1.3"
    resolved "https://registry.yarnpkg.com/deep-is/-/deep-is-0.1.3.tgz#b369d6fb5dbc13eecf524f91b070feedc357cf34"
    integrity sha1-s2nW+128E+7PUk+RsHD+7cNXzzQ=
  
  delayed-stream@~1.0.0:
    version "1.0.0"
    resolved "https://registry.yarnpkg.com/delayed-stream/-/delayed-stream-1.0.0.tgz#df3ae199acadfb7d440aaae0b29e2272b24ec619"
    integrity sha1-3zrhmayt+31ECqrgsp4icrJOxhk=
  
  domexception@^1.0.1:
    version "1.0.1"
    resolved "https://registry.yarnpkg.com/domexception/-/domexception-1.0.1.tgz#937442644ca6a31261ef36e3ec677fe805582c90"
    integrity sha512-raigMkn7CJNNo6Ihro1fzG7wr3fHuYVytzquZKX5n0yizGsTcYgzdIUwj1X9pK0VvjeihV+XiclP+DjwbsSKug==
    dependencies:
      webidl-conversions "^4.0.2"
  
  ecc-jsbn@~0.1.1:
    version "0.1.2"
    resolved "https://registry.yarnpkg.com/ecc-jsbn/-/ecc-jsbn-0.1.2.tgz#3a83a904e54353287874c564b7549386849a98c9"
    integrity sha1-OoOpBOVDUyh4dMVkt1SThoSamMk=
    dependencies:
      jsbn "~0.1.0"
      safer-buffer "^2.1.0"
  
  electron-to-chromium@^1.3.96:
    version "1.3.100"
    resolved "https://registry.yarnpkg.com/electron-to-chromium/-/electron-to-chromium-1.3.100.tgz#899fb088def210aee6b838a47655bbb299190e13"
    integrity sha512-cEUzis2g/RatrVf8x26L8lK5VEls1AGnLHk6msluBUg/NTB4wcXzExTsGscFq+Vs4WBBU2zbLLySvD4C0C3hwg==
  
  escape-string-regexp@^1.0.5:
    version "1.0.5"
    resolved "https://registry.yarnpkg.com/escape-string-regexp/-/escape-string-regexp-1.0.5.tgz#1b61c0562190a8dff6ae3bb2cf0200ca130b86d4"
    integrity sha1-G2HAViGQqN/2rjuyzwIAyhMLhtQ=
  
  escodegen@^1.11.0:
    version "1.11.0"
    resolved "https://registry.yarnpkg.com/escodegen/-/escodegen-1.11.0.tgz#b27a9389481d5bfd5bec76f7bb1eb3f8f4556589"
    integrity sha512-IeMV45ReixHS53K/OmfKAIztN/igDHzTJUhZM3k1jMhIZWjk45SMwAtBsEXiJp3vSPmTcu6CXn7mDvFHRN66fw==
    dependencies:
      esprima "^3.1.3"
      estraverse "^4.2.0"
      esutils "^2.0.2"
      optionator "^0.8.1"
    optionalDependencies:
      source-map "~0.6.1"
  
  esprima@^3.1.3:
    version "3.1.3"
    resolved "https://registry.yarnpkg.com/esprima/-/esprima-3.1.3.tgz#fdca51cee6133895e3c88d535ce49dbff62a4633"
    integrity sha1-/cpRzuYTOJXjyI1TXOSdv/YqRjM=
  
  estraverse@^4.2.0:
    version "4.2.0"
    resolved "https://registry.yarnpkg.com/estraverse/-/estraverse-4.2.0.tgz#0dee3fed31fcd469618ce7342099fc1afa0bdb13"
    integrity sha1-De4/7TH81GlhjOc0IJn8GvoL2xM=
  
  esutils@^2.0.2:
    version "2.0.2"
    resolved "https://registry.yarnpkg.com/esutils/-/esutils-2.0.2.tgz#0abf4f1caa5bcb1f7a9d8acc6dea4faaa04bac9b"
    integrity sha1-Cr9PHKpbyx96nYrMbepPqqBLrJs=
  
  extend@~3.0.2:
    version "3.0.2"
    resolved "https://registry.yarnpkg.com/extend/-/extend-3.0.2.tgz#f8b1136b4071fbd8eb140aff858b1019ec2915fa"
    integrity sha512-fjquC59cD7CyW6urNXK0FBufkZcoiGG80wTuPujX590cB5Ttln20E2UB4S/WARVqhXffZl2LNgS+gQdPIIim/g==
  
  extsprintf@1.3.0:
    version "1.3.0"
    resolved "https://registry.yarnpkg.com/extsprintf/-/extsprintf-1.3.0.tgz#96918440e3041a7a414f8c52e3c574eb3c3e1e05"
    integrity sha1-lpGEQOMEGnpBT4xS48V06zw+HgU=
  
  extsprintf@^1.2.0:
    version "1.4.0"
    resolved "https://registry.yarnpkg.com/extsprintf/-/extsprintf-1.4.0.tgz#e2689f8f356fad62cca65a3a91c5df5f9551692f"
    integrity sha1-4mifjzVvrWLMplo6kcXfX5VRaS8=
  
  fast-deep-equal@^2.0.1:
    version "2.0.1"
    resolved "https://registry.yarnpkg.com/fast-deep-equal/-/fast-deep-equal-2.0.1.tgz#7b05218ddf9667bf7f370bf7fdb2cb15fdd0aa49"
    integrity sha1-ewUhjd+WZ79/Nwv3/bLLFf3Qqkk=
  
  fast-json-stable-stringify@^2.0.0:
    version "2.0.0"
    resolved "https://registry.yarnpkg.com/fast-json-stable-stringify/-/fast-json-stable-stringify-2.0.0.tgz#d5142c0caee6b1189f87d3a76111064f86c8bbf2"
    integrity sha1-1RQsDK7msRifh9OnYREGT4bIu/I=
  
  fast-levenshtein@~2.0.4:
    version "2.0.6"
    resolved "https://registry.yarnpkg.com/fast-levenshtein/-/fast-levenshtein-2.0.6.tgz#3d8a5c66883a16a30ca8643e851f19baa7797917"
    integrity sha1-PYpcZog6FqMMqGQ+hR8Zuqd5eRc=
  
  forever-agent@~0.6.1:
    version "0.6.1"
    resolved "https://registry.yarnpkg.com/forever-agent/-/forever-agent-0.6.1.tgz#fbc71f0c41adeb37f96c577ad1ed42d8fdacca91"
    integrity sha1-+8cfDEGt6zf5bFd60e1C2P2sypE=
  
  form-data@~2.3.2:
    version "2.3.3"
    resolved "https://registry.yarnpkg.com/form-data/-/form-data-2.3.3.tgz#dcce52c05f644f298c6a7ab936bd724ceffbf3a6"
    integrity sha512-1lLKB2Mu3aGP1Q/2eCOx0fNbRMe7XdwktwOruhfqqd0rIJWwN4Dh+E3hrPSlDCXnSR7UtZ1N38rVXm+6+MEhJQ==
    dependencies:
      asynckit "^0.4.0"
      combined-stream "^1.0.6"
      mime-types "^2.1.12"
  
  fs@^0.0.1-security:
    version "0.0.1-security"
    resolved "https://registry.yarnpkg.com/fs/-/fs-0.0.1-security.tgz#8a7bd37186b6dddf3813f23858b57ecaaf5e41d4"
    integrity sha1-invTcYa23d84E/I4WLV+yq9eQdQ=
  
  getpass@^0.1.1:
    version "0.1.7"
    resolved "https://registry.yarnpkg.com/getpass/-/getpass-0.1.7.tgz#5eff8e3e684d569ae4cb2b1282604e8ba62149fa"
    integrity sha1-Xv+OPmhNVprkyysSgmBOi6YhSfo=
    dependencies:
      assert-plus "^1.0.0"
  
  globals@^11.1.0:
    version "11.9.0"
    resolved "https://registry.yarnpkg.com/globals/-/globals-11.9.0.tgz#bde236808e987f290768a93d065060d78e6ab249"
    integrity sha512-5cJVtyXWH8PiJPVLZzzoIizXx944O4OmRro5MWKx5fT4MgcN7OfaMutPeaTdJCCURwbWdhhcCWcKIffPnmTzBg==
  
  har-schema@^2.0.0:
    version "2.0.0"
    resolved "https://registry.yarnpkg.com/har-schema/-/har-schema-2.0.0.tgz#a94c2224ebcac04782a0d9035521f24735b7ec92"
    integrity sha1-qUwiJOvKwEeCoNkDVSHyRzW37JI=
  
  har-validator@~5.1.0:
    version "5.1.3"
    resolved "https://registry.yarnpkg.com/har-validator/-/har-validator-5.1.3.tgz#1ef89ebd3e4996557675eed9893110dc350fa080"
    integrity sha512-sNvOCzEQNr/qrvJgc3UG/kD4QtlHycrzwS+6mfTrrSq97BvaYcPZZI1ZSqGSPR73Cxn4LKTD4PttRwfU7jWq5g==
    dependencies:
      ajv "^6.5.5"
      har-schema "^2.0.0"
  
  has-flag@^3.0.0:
    version "3.0.0"
    resolved "https://registry.yarnpkg.com/has-flag/-/has-flag-3.0.0.tgz#b5d454dc2199ae225699f3467e5a07f3b955bafd"
    integrity sha1-tdRU3CGZriJWmfNGfloH87lVuv0=
  
  html-encoding-sniffer@^1.0.2:
    version "1.0.2"
    resolved "https://registry.yarnpkg.com/html-encoding-sniffer/-/html-encoding-sniffer-1.0.2.tgz#e70d84b94da53aa375e11fe3a351be6642ca46f8"
    integrity sha512-71lZziiDnsuabfdYiUeWdCVyKuqwWi23L8YeIgV9jSSZHCtb6wB1BKWooH7L3tn4/FuZJMVWyNaIDr4RGmaSYw==
    dependencies:
      whatwg-encoding "^1.0.1"
  
  http-signature@~1.2.0:
    version "1.2.0"
    resolved "https://registry.yarnpkg.com/http-signature/-/http-signature-1.2.0.tgz#9aecd925114772f3d95b65a60abb8f7c18fbace1"
    integrity sha1-muzZJRFHcvPZW2WmCruPfBj7rOE=
    dependencies:
      assert-plus "^1.0.0"
      jsprim "^1.2.2"
      sshpk "^1.7.0"
  
  iconv-lite@0.4.24:
    version "0.4.24"
    resolved "https://registry.yarnpkg.com/iconv-lite/-/iconv-lite-0.4.24.tgz#2022b4b25fbddc21d2f524974a474aafe733908b"
    integrity sha512-v3MXnZAcvnywkTUEZomIActle7RXXeedOR31wwl7VlyoXO4Qi9arvSenNQWne1TcRwhCL1HwLI21bEqdpj8/rA==
    dependencies:
      safer-buffer ">= 2.1.2 < 3"
  
  inherits@^2.0.3:
    version "2.0.3"
    resolved "https://registry.yarnpkg.com/inherits/-/inherits-2.0.3.tgz#633c2c83e3da42a502f52466022480f4208261de"
    integrity sha1-Yzwsg+PaQqUC9SRmAiSA9CCCYd4=
  
  invariant@^2.2.2:
    version "2.2.4"
    resolved "https://registry.yarnpkg.com/invariant/-/invariant-2.2.4.tgz#610f3c92c9359ce1db616e538008d23ff35158e6"
    integrity sha512-phJfQVBuaJM5raOpJjSfkiD6BpbCE4Ns//LaXl6wGYtUBY83nWS6Rf9tXm2e8VaK60JEjYldbPif/A2B1C2gNA==
    dependencies:
      loose-envify "^1.0.0"
  
  is-typedarray@~1.0.0:
    version "1.0.0"
    resolved "https://registry.yarnpkg.com/is-typedarray/-/is-typedarray-1.0.0.tgz#e479c80858df0c1b11ddda6940f96011fcda4a9a"
    integrity sha1-5HnICFjfDBsR3dppQPlgEfzaSpo=
  
  isstream@~0.1.2:
    version "0.1.2"
    resolved "https://registry.yarnpkg.com/isstream/-/isstream-0.1.2.tgz#47e63f7af55afa6f92e1500e690eb8b8529c099a"
    integrity sha1-R+Y/evVa+m+S4VAOaQ64uFKcCZo=
  
  js-levenshtein@^1.1.3:
    version "1.1.5"
    resolved "https://registry.yarnpkg.com/js-levenshtein/-/js-levenshtein-1.1.5.tgz#57e4b1b5cc35e6d2721f118bd5245b36ac56b253"
    integrity sha512-ap2aTez3WZASzMmJvgvG+nsrCCrtHPQ+4YB+WQjYQpXgLkM+WqwkpzdlVs5l7Xhk128I/CisIk4CdXl7pIchUA==
  
  "js-tokens@^3.0.0 || ^4.0.0", js-tokens@^4.0.0:
    version "4.0.0"
    resolved "https://registry.yarnpkg.com/js-tokens/-/js-tokens-4.0.0.tgz#19203fb59991df98e3a287050d4647cdeaf32499"
    integrity sha512-RdJUflcE3cUzKiMqQgsCu06FPu9UdIJO0beYbPhHN4k6apgJtifcoCtT9bcxOpYBtpD2kCM6Sbzg4CausW/PKQ==
  
  jsbn@~0.1.0:
    version "0.1.1"
    resolved "https://registry.yarnpkg.com/jsbn/-/jsbn-0.1.1.tgz#a5e654c2e5a2deb5f201d96cefbca80c0ef2f513"
    integrity sha1-peZUwuWi3rXyAdls77yoDA7y9RM=
  
  jsdom@^13.1.0:
    version "13.1.0"
    resolved "https://registry.yarnpkg.com/jsdom/-/jsdom-13.1.0.tgz#fa7356f0cc8111d0f1077cb7800d06f22f1d66c7"
    integrity sha512-C2Kp0qNuopw0smXFaHeayvharqF3kkcNqlcIlSX71+3XrsOFwkEPLt/9f5JksMmaul2JZYIQuY+WTpqHpQQcLg==
    dependencies:
      abab "^2.0.0"
      acorn "^6.0.4"
      acorn-globals "^4.3.0"
      array-equal "^1.0.0"
      cssom "^0.3.4"
      cssstyle "^1.1.1"
      data-urls "^1.1.0"
      domexception "^1.0.1"
      escodegen "^1.11.0"
      html-encoding-sniffer "^1.0.2"
      nwsapi "^2.0.9"
      parse5 "5.1.0"
      pn "^1.1.0"
      request "^2.88.0"
      request-promise-native "^1.0.5"
      saxes "^3.1.4"
      symbol-tree "^3.2.2"
      tough-cookie "^2.5.0"
      w3c-hr-time "^1.0.1"
      w3c-xmlserializer "^1.0.1"
      webidl-conversions "^4.0.2"
      whatwg-encoding "^1.0.5"
      whatwg-mimetype "^2.3.0"
      whatwg-url "^7.0.0"
      ws "^6.1.2"
      xml-name-validator "^3.0.0"
  
  jsesc@^2.5.1:
    version "2.5.2"
    resolved "https://registry.yarnpkg.com/jsesc/-/jsesc-2.5.2.tgz#80564d2e483dacf6e8ef209650a67df3f0c283a4"
    integrity sha512-OYu7XEzjkCQ3C5Ps3QIZsQfNpqoJyZZA99wd9aWd05NCtC5pWOkShK2mkL6HXQR6/Cy2lbNdPlZBpuQHXE63gA==
  
  jsesc@~0.5.0:
    version "0.5.0"
    resolved "https://registry.yarnpkg.com/jsesc/-/jsesc-0.5.0.tgz#e7dee66e35d6fc16f710fe91d5cf69f70f08911d"
    integrity sha1-597mbjXW/Bb3EP6R1c9p9w8IkR0=
  
  json-schema-traverse@^0.4.1:
    version "0.4.1"
    resolved "https://registry.yarnpkg.com/json-schema-traverse/-/json-schema-traverse-0.4.1.tgz#69f6a87d9513ab8bb8fe63bdb0979c448e684660"
    integrity sha512-xbbCH5dCYU5T8LcEhhuh7HJ88HXuW3qsI3Y0zOZFKfZEHcpWiHU/Jxzk629Brsab/mMiHQti9wMP+845RPe3Vg==
  
  json-schema@0.2.3:
    version "0.2.3"
    resolved "https://registry.yarnpkg.com/json-schema/-/json-schema-0.2.3.tgz#b480c892e59a2f05954ce727bd3f2a4e882f9e13"
    integrity sha1-tIDIkuWaLwWVTOcnvT8qTogvnhM=
  
  json-stringify-safe@~5.0.1:
    version "5.0.1"
    resolved "https://registry.yarnpkg.com/json-stringify-safe/-/json-stringify-safe-5.0.1.tgz#1296a2d58fd45f19a0f6ce01d65701e2c735b6eb"
    integrity sha1-Epai1Y/UXxmg9s4B1lcB4sc1tus=
  
  json5@^2.1.0:
    version "2.1.0"
    resolved "https://registry.yarnpkg.com/json5/-/json5-2.1.0.tgz#e7a0c62c48285c628d20a10b85c89bb807c32850"
    integrity sha512-8Mh9h6xViijj36g7Dxi+Y4S6hNGV96vcJZr/SrlHh1LR/pEn/8j/+qIBbs44YKl69Lrfctp4QD+AdWLTMqEZAQ==
    dependencies:
      minimist "^1.2.0"
  
  jsprim@^1.2.2:
    version "1.4.1"
    resolved "https://registry.yarnpkg.com/jsprim/-/jsprim-1.4.1.tgz#313e66bc1e5cc06e438bc1b7499c2e5c56acb6a2"
    integrity sha1-MT5mvB5cwG5Di8G3SZwuXFastqI=
    dependencies:
      assert-plus "1.0.0"
      extsprintf "1.3.0"
      json-schema "0.2.3"
      verror "1.10.0"
  
  levn@~0.3.0:
    version "0.3.0"
    resolved "https://registry.yarnpkg.com/levn/-/levn-0.3.0.tgz#3b09924edf9f083c0490fdd4c0bc4421e04764ee"
    integrity sha1-OwmSTt+fCDwEkP3UwLxEIeBHZO4=
    dependencies:
      prelude-ls "~1.1.2"
      type-check "~0.3.2"
  
  lodash.sortby@^4.7.0:
    version "4.7.0"
    resolved "https://registry.yarnpkg.com/lodash.sortby/-/lodash.sortby-4.7.0.tgz#edd14c824e2cc9c1e0b0a1b42bb5210516a42438"
    integrity sha1-7dFMgk4sycHgsKG0K7UhBRakJDg=
  
  lodash@^4.13.1, lodash@^4.17.10:
    version "4.17.11"
    resolved "https://registry.yarnpkg.com/lodash/-/lodash-4.17.11.tgz#b39ea6229ef607ecd89e2c8df12536891cac9b8d"
    integrity sha512-cQKh8igo5QUhZ7lg38DYWAxMvjSAKG0A8wGSVimP07SIUEK2UO+arSRKbRZWtelMtN5V0Hkwh5ryOto/SshYIg==
  
  loose-envify@^1.0.0:
    version "1.4.0"
    resolved "https://registry.yarnpkg.com/loose-envify/-/loose-envify-1.4.0.tgz#71ee51fa7be4caec1a63839f7e682d8132d30caf"
    integrity sha512-lyuxPGr/Wfhrlem2CL/UcnUc1zcqKAImBDzukY7Y5F/yQiNdko6+fRLevlw1HgMySw7f611UIY408EtxRSoK3Q==
    dependencies:
      js-tokens "^3.0.0 || ^4.0.0"
  
  mime-db@~1.37.0:
    version "1.37.0"
    resolved "https://registry.yarnpkg.com/mime-db/-/mime-db-1.37.0.tgz#0b6a0ce6fdbe9576e25f1f2d2fde8830dc0ad0d8"
    integrity sha512-R3C4db6bgQhlIhPU48fUtdVmKnflq+hRdad7IyKhtFj06VPNVdk2RhiYL3UjQIlso8L+YxAtFkobT0VK+S/ybg==
  
  mime-types@^2.1.12, mime-types@~2.1.19:
    version "2.1.21"
    resolved "https://registry.yarnpkg.com/mime-types/-/mime-types-2.1.21.tgz#28995aa1ecb770742fe6ae7e58f9181c744b3f96"
    integrity sha512-3iL6DbwpyLzjR3xHSFNFeb9Nz/M8WDkX33t1GFQnFOllWk8pOrh/LSrB5OXlnlW5P9LH73X6loW/eogc+F5lJg==
    dependencies:
      mime-db "~1.37.0"
  
  minimist@^1.2.0:
    version "1.2.0"
    resolved "https://registry.yarnpkg.com/minimist/-/minimist-1.2.0.tgz#a35008b20f41383eec1fb914f4cd5df79a264284"
    integrity sha1-o1AIsg9BOD7sH7kU9M1d95omQoQ=
  
  ms@^2.1.1:
    version "2.1.1"
    resolved "https://registry.yarnpkg.com/ms/-/ms-2.1.1.tgz#30a5864eb3ebb0a66f2ebe6d727af06a09d86e0a"
    integrity sha512-tgp+dl5cGk28utYktBsrFqA7HKgrhgPsg6Z/EfhWI4gl1Hwq8B/GmY/0oXZ6nF8hDVesS/FpnYaD/kOWhYQvyg==
  
  node-releases@^1.1.3:
    version "1.1.3"
    resolved "https://registry.yarnpkg.com/node-releases/-/node-releases-1.1.3.tgz#aad9ce0dcb98129c753f772c0aa01360fb90fbd2"
    integrity sha512-6VrvH7z6jqqNFY200kdB6HdzkgM96Oaj9v3dqGfgp6mF+cHmU4wyQKZ2/WPDRVoR0Jz9KqbamaBN0ZhdUaysUQ==
    dependencies:
      semver "^5.3.0"
  
  nwsapi@^2.0.9:
    version "2.0.9"
    resolved "https://registry.yarnpkg.com/nwsapi/-/nwsapi-2.0.9.tgz#77ac0cdfdcad52b6a1151a84e73254edc33ed016"
    integrity sha512-nlWFSCTYQcHk/6A9FFnfhKc14c3aFhfdNBXgo8Qgi9QTBu/qg3Ww+Uiz9wMzXd1T8GFxPc2QIHB6Qtf2XFryFQ==
  
  oauth-sign@~0.9.0:
    version "0.9.0"
    resolved "https://registry.yarnpkg.com/oauth-sign/-/oauth-sign-0.9.0.tgz#47a7b016baa68b5fa0ecf3dee08a85c679ac6455"
    integrity sha512-fexhUFFPTGV8ybAtSIGbV6gOkSv8UtRbDBnAyLQw4QPKkgNlsH2ByPGtMUqdWkos6YCRmAqViwgZrJc/mRDzZQ==
  
  optionator@^0.8.1:
    version "0.8.2"
    resolved "https://registry.yarnpkg.com/optionator/-/optionator-0.8.2.tgz#364c5e409d3f4d6301d6c0b4c05bba50180aeb64"
    integrity sha1-NkxeQJ0/TWMB1sC0wFu6UBgK62Q=
    dependencies:
      deep-is "~0.1.3"
      fast-levenshtein "~2.0.4"
      levn "~0.3.0"
      prelude-ls "~1.1.2"
      type-check "~0.3.2"
      wordwrap "~1.0.0"
  
  parse5@5.1.0:
    version "5.1.0"
    resolved "https://registry.yarnpkg.com/parse5/-/parse5-5.1.0.tgz#c59341c9723f414c452975564c7c00a68d58acd2"
    integrity sha512-fxNG2sQjHvlVAYmzBZS9YlDp6PTSSDwa98vkD4QgVDDCAo84z5X1t5XyJQ62ImdLXx5NdIIfihey6xpum9/gRQ==
  
  path-parse@^1.0.6:
    version "1.0.6"
    resolved "https://registry.yarnpkg.com/path-parse/-/path-parse-1.0.6.tgz#d62dbb5679405d72c4737ec58600e9ddcf06d24c"
    integrity sha512-GSmOT2EbHrINBf9SR7CDELwlJ8AENk3Qn7OikK4nFYAu3Ote2+JYNVvkpAEQm3/TLNEJFD/xZJjzyxg3KBWOzw==
  
  performance-now@^2.1.0:
    version "2.1.0"
    resolved "https://registry.yarnpkg.com/performance-now/-/performance-now-2.1.0.tgz#6309f4e0e5fa913ec1c69307ae364b4b377c9e7b"
    integrity sha1-Ywn04OX6kT7BxpMHrjZLSzd8nns=
  
  pn@^1.1.0:
    version "1.1.0"
    resolved "https://registry.yarnpkg.com/pn/-/pn-1.1.0.tgz#e2f4cef0e219f463c179ab37463e4e1ecdccbafb"
    integrity sha512-2qHaIQr2VLRFoxe2nASzsV6ef4yOOH+Fi9FBOVH6cqeSgUnoyySPZkxzLuzd+RYOQTRpROA0ztTMqxROKSb/nA==
  
  prelude-ls@~1.1.2:
    version "1.1.2"
    resolved "https://registry.yarnpkg.com/prelude-ls/-/prelude-ls-1.1.2.tgz#21932a549f5e52ffd9a827f570e04be62a97da54"
    integrity sha1-IZMqVJ9eUv/ZqCf1cOBL5iqX2lQ=
  
  private@^0.1.6:
    version "0.1.8"
    resolved "https://registry.yarnpkg.com/private/-/private-0.1.8.tgz#2381edb3689f7a53d653190060fcf822d2f368ff"
    integrity sha512-VvivMrbvd2nKkiG38qjULzlc+4Vx4wm/whI9pQD35YrARNnhxeiRktSOhSukRLFNlzg6Br/cJPet5J/u19r/mg==
  
  psl@^1.1.24, psl@^1.1.28:
    version "1.1.31"
    resolved "https://registry.yarnpkg.com/psl/-/psl-1.1.31.tgz#e9aa86d0101b5b105cbe93ac6b784cd547276184"
    integrity sha512-/6pt4+C+T+wZUieKR620OpzN/LlnNKuWjy1iFLQ/UG35JqHlR/89MP1d96dUfkf6Dne3TuLQzOYEYshJ+Hx8mw==
  
  punycode@^1.4.1:
    version "1.4.1"
    resolved "https://registry.yarnpkg.com/punycode/-/punycode-1.4.1.tgz#c0d5a63b2718800ad8e1eb0fa5269c84dd41845e"
    integrity sha1-wNWmOycYgArY4esPpSachN1BhF4=
  
  punycode@^2.1.0, punycode@^2.1.1:
    version "2.1.1"
    resolved "https://registry.yarnpkg.com/punycode/-/punycode-2.1.1.tgz#b58b010ac40c22c5657616c8d2c2c02c7bf479ec"
    integrity sha512-XRsRjdf+j5ml+y/6GKHPZbrF/8p2Yga0JPtdqTIY2Xe5ohJPD9saDJJLPvp9+NSBprVvevdXZybnj2cv8OEd0A==
  
  qs@~6.5.2:
    version "6.5.2"
    resolved "https://registry.yarnpkg.com/qs/-/qs-6.5.2.tgz#cb3ae806e8740444584ef154ce8ee98d403f3e36"
    integrity sha512-N5ZAX4/LxJmF+7wN74pUD6qAh9/wnvdQcjq9TZjevvXzSUo7bfmw91saqMjzGS2xq91/odN2dW/WOl7qQHNDGA==
  
  regenerate-unicode-properties@^7.0.0:
    version "7.0.0"
    resolved "https://registry.yarnpkg.com/regenerate-unicode-properties/-/regenerate-unicode-properties-7.0.0.tgz#107405afcc4a190ec5ed450ecaa00ed0cafa7a4c"
    integrity sha512-s5NGghCE4itSlUS+0WUj88G6cfMVMmH8boTPNvABf8od+2dhT9WDlWu8n01raQAJZMOK8Ch6jSexaRO7swd6aw==
    dependencies:
      regenerate "^1.4.0"
  
  regenerate@^1.4.0:
    version "1.4.0"
    resolved "https://registry.yarnpkg.com/regenerate/-/regenerate-1.4.0.tgz#4a856ec4b56e4077c557589cae85e7a4c8869a11"
    integrity sha512-1G6jJVDWrt0rK99kBjvEtziZNCICAuvIPkSiUFIQxVP06RCVpq3dmDo2oi6ABpYaDYaTRr67BEhL8r1wgEZZKg==
  
  regenerator-runtime@^0.12.0:
    version "0.12.1"
    resolved "https://registry.yarnpkg.com/regenerator-runtime/-/regenerator-runtime-0.12.1.tgz#fa1a71544764c036f8c49b13a08b2594c9f8a0de"
    integrity sha512-odxIc1/vDlo4iZcfXqRYFj0vpXFNoGdKMAUieAlFYO6m/nl5e9KR/beGf41z4a1FI+aQgtjhuaSlDxQ0hmkrHg==
  
  regenerator-transform@^0.13.3:
    version "0.13.3"
    resolved "https://registry.yarnpkg.com/regenerator-transform/-/regenerator-transform-0.13.3.tgz#264bd9ff38a8ce24b06e0636496b2c856b57bcbb"
    integrity sha512-5ipTrZFSq5vU2YoGoww4uaRVAK4wyYC4TSICibbfEPOruUu8FFP7ErV0BjmbIOEpn3O/k9na9UEdYR/3m7N6uA==
    dependencies:
      private "^0.1.6"
  
  regexpu-core@^4.1.3, regexpu-core@^4.2.0:
    version "4.4.0"
    resolved "https://registry.yarnpkg.com/regexpu-core/-/regexpu-core-4.4.0.tgz#8d43e0d1266883969720345e70c275ee0aec0d32"
    integrity sha512-eDDWElbwwI3K0Lo6CqbQbA6FwgtCz4kYTarrri1okfkRLZAqstU+B3voZBCjg8Fl6iq0gXrJG6MvRgLthfvgOA==
    dependencies:
      regenerate "^1.4.0"
      regenerate-unicode-properties "^7.0.0"
      regjsgen "^0.5.0"
      regjsparser "^0.6.0"
      unicode-match-property-ecmascript "^1.0.4"
      unicode-match-property-value-ecmascript "^1.0.2"
  
  regjsgen@^0.5.0:
    version "0.5.0"
    resolved "https://registry.yarnpkg.com/regjsgen/-/regjsgen-0.5.0.tgz#a7634dc08f89209c2049adda3525711fb97265dd"
    integrity sha512-RnIrLhrXCX5ow/E5/Mh2O4e/oa1/jW0eaBKTSy3LaCj+M3Bqvm97GWDp2yUtzIs4LEn65zR2yiYGFqb2ApnzDA==
  
  regjsparser@^0.6.0:
    version "0.6.0"
    resolved "https://registry.yarnpkg.com/regjsparser/-/regjsparser-0.6.0.tgz#f1e6ae8b7da2bae96c99399b868cd6c933a2ba9c"
    integrity sha512-RQ7YyokLiQBomUJuUG8iGVvkgOLxwyZM8k6d3q5SAXpg4r5TZJZigKFvC6PpD+qQ98bCDC5YelPeA3EucDoNeQ==
    dependencies:
      jsesc "~0.5.0"
  
  request-promise-core@1.1.1:
    version "1.1.1"
    resolved "https://registry.yarnpkg.com/request-promise-core/-/request-promise-core-1.1.1.tgz#3eee00b2c5aa83239cfb04c5700da36f81cd08b6"
    integrity sha1-Pu4AssWqgyOc+wTFcA2jb4HNCLY=
    dependencies:
      lodash "^4.13.1"
  
  request-promise-native@^1.0.5:
    version "1.0.5"
    resolved "https://registry.yarnpkg.com/request-promise-native/-/request-promise-native-1.0.5.tgz#5281770f68e0c9719e5163fd3fab482215f4fda5"
    integrity sha1-UoF3D2jgyXGeUWP9P6tIIhX0/aU=
    dependencies:
      request-promise-core "1.1.1"
      stealthy-require "^1.1.0"
      tough-cookie ">=2.3.3"
  
  request@^2.88.0:
    version "2.88.0"
    resolved "https://registry.yarnpkg.com/request/-/request-2.88.0.tgz#9c2fca4f7d35b592efe57c7f0a55e81052124fef"
    integrity sha512-NAqBSrijGLZdM0WZNsInLJpkJokL72XYjUpnB0iwsRgxh7dB6COrHnTBNwN0E+lHDAJzu7kLAkDeY08z2/A0hg==
    dependencies:
      aws-sign2 "~0.7.0"
      aws4 "^1.8.0"
      caseless "~0.12.0"
      combined-stream "~1.0.6"
      extend "~3.0.2"
      forever-agent "~0.6.1"
      form-data "~2.3.2"
      har-validator "~5.1.0"
      http-signature "~1.2.0"
      is-typedarray "~1.0.0"
      isstream "~0.1.2"
      json-stringify-safe "~5.0.1"
      mime-types "~2.1.19"
      oauth-sign "~0.9.0"
      performance-now "^2.1.0"
      qs "~6.5.2"
      safe-buffer "^5.1.2"
      tough-cookie "~2.4.3"
      tunnel-agent "^0.6.0"
      uuid "^3.3.2"
  
  resolve-url@^0.2.1:
    version "0.2.1"
    resolved "https://registry.yarnpkg.com/resolve-url/-/resolve-url-0.2.1.tgz#2c637fe77c893afd2a663fe21aa9080068e2052a"
    integrity sha1-LGN/53yJOv0qZj/iGqkIAGjiBSo=
  
  resolve@^1.3.2:
    version "1.9.0"
    resolved "https://registry.yarnpkg.com/resolve/-/resolve-1.9.0.tgz#a14c6fdfa8f92a7df1d996cb7105fa744658ea06"
    integrity sha512-TZNye00tI67lwYvzxCxHGjwTNlUV70io54/Ed4j6PscB8xVfuBJpRenI/o6dVk0cY0PYTY27AgCoGGxRnYuItQ==
    dependencies:
      path-parse "^1.0.6"
  
  safe-buffer@^5.0.1, safe-buffer@^5.1.2, safe-buffer@~5.1.1:
    version "5.1.2"
    resolved "https://registry.yarnpkg.com/safe-buffer/-/safe-buffer-5.1.2.tgz#991ec69d296e0313747d59bdfd2b745c35f8828d"
    integrity sha512-Gd2UZBJDkXlY7GbJxfsE8/nvKkUEU1G38c1siN6QP6a9PT9MmHB8GnpscSmMJSoF8LOIrt8ud/wPtojys4G6+g==
  
  "safer-buffer@>= 2.1.2 < 3", safer-buffer@^2.0.2, safer-buffer@^2.1.0, safer-buffer@~2.1.0:
    version "2.1.2"
    resolved "https://registry.yarnpkg.com/safer-buffer/-/safer-buffer-2.1.2.tgz#44fa161b0187b9549dd84bb91802f9bd8385cd6a"
    integrity sha512-YZo3K82SD7Riyi0E1EQPojLz7kpepnSQI9IyPbHHg1XXXevb5dJI7tpyN2ADxGcQbHG7vcyRHk0cbwqcQriUtg==
  
  saxes@^3.1.4:
    version "3.1.4"
    resolved "https://registry.yarnpkg.com/saxes/-/saxes-3.1.4.tgz#4ad5c53eb085ac0570ea1071a07aaf22ad29cebd"
    integrity sha512-GVZmLJnkS4Vl8Pe9o4nc5ALZ615VOVxCmea8Cs0l+8GZw3RQ5XGOSUomIUfuZuk4Todo44v4y+HY1EATkDDiZg==
    dependencies:
      xmlchars "^1.3.1"
  
  semver@^5.3.0, semver@^5.4.1:
    version "5.6.0"
    resolved "https://registry.yarnpkg.com/semver/-/semver-5.6.0.tgz#7e74256fbaa49c75aa7c7a205cc22799cac80004"
    integrity sha512-RS9R6R35NYgQn++fkDWaOmqGoj4Ek9gGs+DPxNUZKuwE183xjJroKvyo1IzVFeXvUrvmALy6FWD5xrdJT25gMg==
  
  source-map-resolve@^0.5.2:
    version "0.5.2"
    resolved "https://registry.yarnpkg.com/source-map-resolve/-/source-map-resolve-0.5.2.tgz#72e2cc34095543e43b2c62b2c4c10d4a9054f259"
    integrity sha512-MjqsvNwyz1s0k81Goz/9vRBe9SZdB09Bdw+/zYyO+3CuPk6fouTaxscHkgtE8jKvf01kVfl8riHzERQ/kefaSA==
    dependencies:
      atob "^2.1.1"
      decode-uri-component "^0.2.0"
      resolve-url "^0.2.1"
      source-map-url "^0.4.0"
      urix "^0.1.0"
  
  source-map-url@^0.4.0:
    version "0.4.0"
    resolved "https://registry.yarnpkg.com/source-map-url/-/source-map-url-0.4.0.tgz#3e935d7ddd73631b97659956d55128e87b5084a3"
    integrity sha1-PpNdfd1zYxuXZZlW1VEo6HtQhKM=
  
  source-map@^0.5.0:
    version "0.5.7"
    resolved "https://registry.yarnpkg.com/source-map/-/source-map-0.5.7.tgz#8a039d2d1021d22d1ea14c80d8ea468ba2ef3fcc"
    integrity sha1-igOdLRAh0i0eoUyA2OpGi6LvP8w=
  
  source-map@^0.6.1, source-map@~0.6.1:
    version "0.6.1"
    resolved "https://registry.yarnpkg.com/source-map/-/source-map-0.6.1.tgz#74722af32e9614e9c287a8d0bbde48b5e2f1a263"
    integrity sha512-UjgapumWlbMhkBgzT7Ykc5YXUT46F0iKu8SGXq0bcwP5dz/h0Plj6enJqjz1Zbq2l5WaqYnrVbwWOWMyF3F47g==
  
  sshpk@^1.7.0:
    version "1.16.0"
    resolved "https://registry.yarnpkg.com/sshpk/-/sshpk-1.16.0.tgz#1d4963a2fbffe58050aa9084ca20be81741c07de"
    integrity sha512-Zhev35/y7hRMcID/upReIvRse+I9SVhyVre/KTJSJQWMz3C3+G+HpO7m1wK/yckEtujKZ7dS4hkVxAnmHaIGVQ==
    dependencies:
      asn1 "~0.2.3"
      assert-plus "^1.0.0"
      bcrypt-pbkdf "^1.0.0"
      dashdash "^1.12.0"
      ecc-jsbn "~0.1.1"
      getpass "^0.1.1"
      jsbn "~0.1.0"
      safer-buffer "^2.0.2"
      tweetnacl "~0.14.0"
  
  stealthy-require@^1.1.0:
    version "1.1.1"
    resolved "https://registry.yarnpkg.com/stealthy-require/-/stealthy-require-1.1.1.tgz#35b09875b4ff49f26a777e509b3090a3226bf24b"
    integrity sha1-NbCYdbT/SfJqd35QmzCQoyJr8ks=
  
  supports-color@^5.3.0:
    version "5.5.0"
    resolved "https://registry.yarnpkg.com/supports-color/-/supports-color-5.5.0.tgz#e2e69a44ac8772f78a1ec0b35b689df6530efc8f"
    integrity sha512-QjVjwdXIt408MIiAqCX4oUKsgU2EqAGzs2Ppkm4aQYbjm+ZEWEcW4SfFNTr4uMNZma0ey4f5lgLrkB0aX0QMow==
    dependencies:
      has-flag "^3.0.0"
  
  symbol-tree@^3.2.2:
    version "3.2.2"
    resolved "https://registry.yarnpkg.com/symbol-tree/-/symbol-tree-3.2.2.tgz#ae27db38f660a7ae2e1c3b7d1bc290819b8519e6"
    integrity sha1-rifbOPZgp64uHDt9G8KQgZuFGeY=
  
  to-fast-properties@^2.0.0:
    version "2.0.0"
    resolved "https://registry.yarnpkg.com/to-fast-properties/-/to-fast-properties-2.0.0.tgz#dc5e698cbd079265bc73e0377681a4e4e83f616e"
    integrity sha1-3F5pjL0HkmW8c+A3doGk5Og/YW4=
  
  tough-cookie@>=2.3.3, tough-cookie@^2.5.0:
    version "2.5.0"
    resolved "https://registry.yarnpkg.com/tough-cookie/-/tough-cookie-2.5.0.tgz#cd9fb2a0aa1d5a12b473bd9fb96fa3dcff65ade2"
    integrity sha512-nlLsUzgm1kfLXSXfRZMc1KLAugd4hqJHDTvc2hDIwS3mZAfMEuMbc03SujMF+GEcpaX/qboeycw6iO8JwVv2+g==
    dependencies:
      psl "^1.1.28"
      punycode "^2.1.1"
  
  tough-cookie@~2.4.3:
    version "2.4.3"
    resolved "https://registry.yarnpkg.com/tough-cookie/-/tough-cookie-2.4.3.tgz#53f36da3f47783b0925afa06ff9f3b165280f781"
    integrity sha512-Q5srk/4vDM54WJsJio3XNn6K2sCG+CQ8G5Wz6bZhRZoAe/+TxjWB/GlFAnYEbkYVlON9FMk/fE3h2RLpPXo4lQ==
    dependencies:
      psl "^1.1.24"
      punycode "^1.4.1"
  
  tr46@^1.0.1:
    version "1.0.1"
    resolved "https://registry.yarnpkg.com/tr46/-/tr46-1.0.1.tgz#a8b13fd6bfd2489519674ccde55ba3693b706d09"
    integrity sha1-qLE/1r/SSJUZZ0zN5VujaTtwbQk=
    dependencies:
      punycode "^2.1.0"
  
  trim-right@^1.0.1:
    version "1.0.1"
    resolved "https://registry.yarnpkg.com/trim-right/-/trim-right-1.0.1.tgz#cb2e1203067e0c8de1f614094b9fe45704ea6003"
    integrity sha1-yy4SAwZ+DI3h9hQJS5/kVwTqYAM=
  
  tunnel-agent@^0.6.0:
    version "0.6.0"
    resolved "https://registry.yarnpkg.com/tunnel-agent/-/tunnel-agent-0.6.0.tgz#27a5dea06b36b04a0a9966774b290868f0fc40fd"
    integrity sha1-J6XeoGs2sEoKmWZ3SykIaPD8QP0=
    dependencies:
      safe-buffer "^5.0.1"
  
  tweetnacl@^0.14.3, tweetnacl@~0.14.0:
    version "0.14.5"
    resolved "https://registry.yarnpkg.com/tweetnacl/-/tweetnacl-0.14.5.tgz#5ae68177f192d4456269d108afa93ff8743f4f64"
    integrity sha1-WuaBd/GS1EViadEIr6k/+HQ/T2Q=
  
  type-check@~0.3.2:
    version "0.3.2"
    resolved "https://registry.yarnpkg.com/type-check/-/type-check-0.3.2.tgz#5884cab512cf1d355e3fb784f30804b2b520db72"
    integrity sha1-WITKtRLPHTVeP7eE8wgEsrUg23I=
    dependencies:
      prelude-ls "~1.1.2"
  
  unicode-canonical-property-names-ecmascript@^1.0.4:
    version "1.0.4"
    resolved "https://registry.yarnpkg.com/unicode-canonical-property-names-ecmascript/-/unicode-canonical-property-names-ecmascript-1.0.4.tgz#2619800c4c825800efdd8343af7dd9933cbe2818"
    integrity sha512-jDrNnXWHd4oHiTZnx/ZG7gtUTVp+gCcTTKr8L0HjlwphROEW3+Him+IpvC+xcJEFegapiMZyZe02CyuOnRmbnQ==
  
  unicode-match-property-ecmascript@^1.0.4:
    version "1.0.4"
    resolved "https://registry.yarnpkg.com/unicode-match-property-ecmascript/-/unicode-match-property-ecmascript-1.0.4.tgz#8ed2a32569961bce9227d09cd3ffbb8fed5f020c"
    integrity sha512-L4Qoh15vTfntsn4P1zqnHulG0LdXgjSO035fEpdtp6YxXhMT51Q6vgM5lYdG/5X3MjS+k/Y9Xw4SFCY9IkR0rg==
    dependencies:
      unicode-canonical-property-names-ecmascript "^1.0.4"
      unicode-property-aliases-ecmascript "^1.0.4"
  
  unicode-match-property-value-ecmascript@^1.0.2:
    version "1.0.2"
    resolved "https://registry.yarnpkg.com/unicode-match-property-value-ecmascript/-/unicode-match-property-value-ecmascript-1.0.2.tgz#9f1dc76926d6ccf452310564fd834ace059663d4"
    integrity sha512-Rx7yODZC1L/T8XKo/2kNzVAQaRE88AaMvI1EF/Xnj3GW2wzN6fop9DDWuFAKUVFH7vozkz26DzP0qyWLKLIVPQ==
  
  unicode-property-aliases-ecmascript@^1.0.4:
    version "1.0.4"
    resolved "https://registry.yarnpkg.com/unicode-property-aliases-ecmascript/-/unicode-property-aliases-ecmascript-1.0.4.tgz#5a533f31b4317ea76f17d807fa0d116546111dd0"
    integrity sha512-2WSLa6OdYd2ng8oqiGIWnJqyFArvhn+5vgx5GTxMbUYjCYKUcuKS62YLFF0R/BDGlB1yzXjQOLtPAfHsgirEpg==
  
  uri-js@^4.2.2:
    version "4.2.2"
    resolved "https://registry.yarnpkg.com/uri-js/-/uri-js-4.2.2.tgz#94c540e1ff772956e2299507c010aea6c8838eb0"
    integrity sha512-KY9Frmirql91X2Qgjry0Wd4Y+YTdrdZheS8TFwvkbLWf/G5KNJDCh6pKL5OZctEW4+0Baa5idK2ZQuELRwPznQ==
    dependencies:
      punycode "^2.1.0"
  
  urix@^0.1.0:
    version "0.1.0"
    resolved "https://registry.yarnpkg.com/urix/-/urix-0.1.0.tgz#da937f7a62e21fec1fd18d49b35c2935067a6c72"
    integrity sha1-2pN/emLiH+wf0Y1Js1wpNQZ6bHI=
  
  uuid@^3.3.2:
    version "3.3.2"
    resolved "https://registry.yarnpkg.com/uuid/-/uuid-3.3.2.tgz#1b4af4955eb3077c501c23872fc6513811587131"
    integrity sha512-yXJmeNaw3DnnKAOKJE51sL/ZaYfWJRl1pK9dr19YFCu0ObS231AB1/LbqTKRAQ5kw8A90rA6fr4riOUpTZvQZA==
  
  verror@1.10.0:
    version "1.10.0"
    resolved "https://registry.yarnpkg.com/verror/-/verror-1.10.0.tgz#3a105ca17053af55d6e270c1f8288682e18da400"
    integrity sha1-OhBcoXBTr1XW4nDB+CiGguGNpAA=
    dependencies:
      assert-plus "^1.0.0"
      core-util-is "1.0.2"
      extsprintf "^1.2.0"
  
  w3c-hr-time@^1.0.1:
    version "1.0.1"
    resolved "https://registry.yarnpkg.com/w3c-hr-time/-/w3c-hr-time-1.0.1.tgz#82ac2bff63d950ea9e3189a58a65625fedf19045"
    integrity sha1-gqwr/2PZUOqeMYmlimViX+3xkEU=
    dependencies:
      browser-process-hrtime "^0.1.2"
  
  w3c-xmlserializer@^1.0.1:
    version "1.0.1"
    resolved "https://registry.yarnpkg.com/w3c-xmlserializer/-/w3c-xmlserializer-1.0.1.tgz#054cdcd359dc5d1f3ec9be4e272c756af4b21d39"
    integrity sha512-XZGI1OH/OLQr/NaJhhPmzhngwcAnZDLytsvXnRmlYeRkmbb0I7sqFFA22erq4WQR0sUu17ZSQOAV9mFwCqKRNg==
    dependencies:
      domexception "^1.0.1"
      webidl-conversions "^4.0.2"
      xml-name-validator "^3.0.0"
  
  webidl-conversions@^4.0.2:
    version "4.0.2"
    resolved "https://registry.yarnpkg.com/webidl-conversions/-/webidl-conversions-4.0.2.tgz#a855980b1f0b6b359ba1d5d9fb39ae941faa63ad"
    integrity sha512-YQ+BmxuTgd6UXZW3+ICGfyqRyHXVlD5GtQr5+qjiNW7bF0cqrzX500HVXPBOvgXb5YnzDd+h0zqyv61KUD7+Sg==
  
  whatwg-encoding@^1.0.1, whatwg-encoding@^1.0.5:
    version "1.0.5"
    resolved "https://registry.yarnpkg.com/whatwg-encoding/-/whatwg-encoding-1.0.5.tgz#5abacf777c32166a51d085d6b4f3e7d27113ddb0"
    integrity sha512-b5lim54JOPN9HtzvK9HFXvBma/rnfFeqsic0hSpjtDbVxR3dJKLc+KB4V6GgiGOvl7CY/KNh8rxSo9DKQrnUEw==
    dependencies:
      iconv-lite "0.4.24"
  
  whatwg-mimetype@^2.2.0, whatwg-mimetype@^2.3.0:
    version "2.3.0"
    resolved "https://registry.yarnpkg.com/whatwg-mimetype/-/whatwg-mimetype-2.3.0.tgz#3d4b1e0312d2079879f826aff18dbeeca5960fbf"
    integrity sha512-M4yMwr6mAnQz76TbJm914+gPpB/nCwvZbJU28cUD6dR004SAxDLOOSUaB1JDRqLtaOV/vi0IC5lEAGFgrjGv/g==
  
  whatwg-url@^7.0.0:
    version "7.0.0"
    resolved "https://registry.yarnpkg.com/whatwg-url/-/whatwg-url-7.0.0.tgz#fde926fa54a599f3adf82dff25a9f7be02dc6edd"
    integrity sha512-37GeVSIJ3kn1JgKyjiYNmSLP1yzbpb29jdmwBSgkD9h40/hyrR/OifpVUndji3tmwGgD8qpw7iQu3RSbCrBpsQ==
    dependencies:
      lodash.sortby "^4.7.0"
      tr46 "^1.0.1"
      webidl-conversions "^4.0.2"
  
  wordwrap@~1.0.0:
    version "1.0.0"
    resolved "https://registry.yarnpkg.com/wordwrap/-/wordwrap-1.0.0.tgz#27584810891456a4171c8d0226441ade90cbcaeb"
    integrity sha1-J1hIEIkUVqQXHI0CJkQa3pDLyus=
  
  ws@^6.1.2:
    version "6.1.2"
    resolved "https://registry.yarnpkg.com/ws/-/ws-6.1.2.tgz#3cc7462e98792f0ac679424148903ded3b9c3ad8"
    integrity sha512-rfUqzvz0WxmSXtJpPMX2EeASXabOrSMk1ruMOV3JBTBjo4ac2lDjGGsbQSyxj8Odhw5fBib8ZKEjDNvgouNKYw==
    dependencies:
      async-limiter "~1.0.0"
  
  xml-name-validator@^3.0.0:
    version "3.0.0"
    resolved "https://registry.yarnpkg.com/xml-name-validator/-/xml-name-validator-3.0.0.tgz#6ae73e06de4d8c6e47f9fb181f78d648ad457c6a"
    integrity sha512-A5CUptxDsvxKJEU3yO6DuWBSJz/qizqzJKOMIfUJHETbBw/sFaDxgd6fxm1ewUaM0jZ444Fc5vC5ROYurg/4Pw==
  
  xmlchars@^1.3.1:
    version "1.3.1"
    resolved "https://registry.yarnpkg.com/xmlchars/-/xmlchars-1.3.1.tgz#1dda035f833dbb4f86a0c28eaa6ca769214793cf"
    integrity sha512-tGkGJkN8XqCod7OT+EvGYK5Z4SfDQGD30zAa58OcnAa0RRWgzUEK72tkXhsX1FZd+rgnhRxFtmO+ihkp8LHSkw==
