[2019-12-30T20:44:59.532] [INFO] default - --------------------------- 开始编译 ---------------------------
[2019-12-30T20:44:59.532] [INFO] default - 程序运行目录: C:\Users\PUGE\Documents\GitHub\pack\control
[2019-12-30T20:44:59.532] [INFO] default - 首次启动!
[2019-12-30T20:44:59.532] [INFO] default - 生成版本号: x1cbgpmgr4
[2019-12-30T20:44:59.548] [INFO] default - 清理资源文件夹: C:\Users\PUGE\Documents\GitHub\pack\control\dist\static
[2019-12-30T20:44:59.548] [INFO] default - 文件夹不存在: C:\Users\PUGE\Documents\GitHub\pack\control\dist\static
[2019-12-30T20:44:59.548] [INFO] default - 创建文件夹: C:\Users\PUGE\Documents\GitHub\pack\control\dist\static
[2019-12-30T20:44:59.548] [INFO] default - 读取模板文件: C:\Users\PUGE\Documents\GitHub\pack\lib\index.html
[2019-12-30T20:44:59.548] [DEBUG] default - 读取网页标题: owo管理页面
[2019-12-30T20:44:59.548] [DEBUG] default - 处理页面源信息: [{"http-equiv":"content-type","content":"text/html; charset=UTF-8"},{"name":"viewport","content":"width=1200, user-scalable=no"},{"name":"format-detection","content":"telephone=no, email=no"},{"name":"apple-mobile-web-app-capable","content":"yes"},{"name":"apple-mobile-web-app-status-bar-style","content":"white"},{"name":"renderer","content":"webkit"},{"http-equiv":"X-UA-Compatible","content":"IE=edge,chrome=1"},{"name":"filetype","content":"1"},{"name":"publishedtype","content":"1"},{"name":"pagetype","content":"2"},{"name":"screen-orientation","content":"landscape"},{"name":"x5-orientation","content":"landscape"},{"name":"full-screen","content":"yes"},{"name":"x5-fullscreen","content":"true"},{"name":"browsermode","content":"application"},{"name":"x5-page-mode","content":"app"}]
[2019-12-30T20:44:59.548] [INFO] default - 开始处理模块: home
[2019-12-30T20:45:00.473] [INFO] default - 开始处理模块: headKeyValueList
[2019-12-30T20:45:00.504] [DEBUG] default - 缓存模板: headKeyValueList./src/module/headKeyValueList.owo
[2019-12-30T20:45:00.557] [DEBUG] default - 模块headKeyValueList处理用时: 84 毫秒!
[2019-12-30T20:45:00.557] [INFO] default - 开始处理模块: styleList
[2019-12-30T20:45:00.574] [DEBUG] default - 缓存模板: styleList./src/module/styleList.owo
[2019-12-30T20:45:00.577] [DEBUG] default - 模块styleList处理用时: 20 毫秒!
[2019-12-30T20:45:00.577] [INFO] default - 开始处理模块: scriptList
[2019-12-30T20:45:00.591] [DEBUG] default - 缓存模板: scriptList./src/module/scriptList.owo
[2019-12-30T20:45:00.593] [DEBUG] default - 模块scriptList处理用时: 16 毫秒!
[2019-12-30T20:45:00.594] [INFO] default - 开始处理模块: pageList
[2019-12-30T20:45:00.616] [DEBUG] default - 缓存模板: pageList./src/module/pageList.owo
[2019-12-30T20:45:00.616] [DEBUG] default - 模块pageList处理用时: 22 毫秒!
[2019-12-30T20:45:00.616] [DEBUG] default - 缓存模板: home./src/page/home.owo
[2019-12-30T20:45:00.616] [DEBUG] default - 页面home处理用时: 1068 毫秒!
[2019-12-30T20:45:00.632] [INFO] default - 文件夹不存在: C:/Users/PUGE/Documents/GitHub/pack/control/dist/static/resource
[2019-12-30T20:45:00.632] [INFO] default - 创建文件夹: C:/Users/PUGE/Documents/GitHub/pack/control/dist/static/resource
[2019-12-30T20:45:00.632] [DEBUG] default - css中的资源处理完毕!
[2019-12-30T20:45:01.492] [DEBUG] default - 使用postcss处理样式，使用了1个插件!
[2019-12-30T20:45:01.539] [INFO] default - 文件夹不存在: C:\Users\PUGE\Documents\GitHub\pack\control\dist\static\css
[2019-12-30T20:45:01.539] [INFO] default - 创建文件夹: C:\Users\PUGE\Documents\GitHub\pack\control\dist\static\css
[2019-12-30T20:45:01.539] [INFO] default - 开始处理附属css中的资源
[2019-12-30T20:45:01.539] [INFO] default - 附属css中的资源处理完毕!
[2019-12-30T20:45:01.539] [INFO] default - 处理字体: {}
[2019-12-30T20:45:01.789] [INFO] default - 使用postcss处理完毕! 用时: 297 毫秒
[2019-12-30T20:45:01.790] [INFO] default - 正在处理script!
[2019-12-30T20:45:02.734] [INFO] default - 工程中只有一个页面!
[2019-12-30T20:45:02.734] [INFO] default - js中的资源处理完毕!
[2019-12-30T20:45:02.734] [DEBUG] default - 处理引用脚本: [{"name":"main","src":"./src/main.js","resource":true}]
[2019-12-30T20:45:02.734] [DEBUG] default - 外部脚本数量: 1
[2019-12-30T20:45:02.734] [DEBUG] default - 处理脚本: main
[2019-12-30T20:45:02.734] [INFO] default - 读取文件: C:\Users\PUGE\Documents\GitHub\pack\control\src\main.js
[2019-12-30T20:45:02.734] [DEBUG] default - 输出scriptData
[2019-12-30T20:45:02.734] [DEBUG] default - 准备输出html!
[2019-12-30T20:45:02.734] [INFO] default - 文件夹不存在: C:\Users\PUGE\Documents\GitHub\pack\control\dist\static\js
[2019-12-30T20:45:02.734] [INFO] default - 创建文件夹: C:\Users\PUGE\Documents\GitHub\pack\control\dist\static\js
[2019-12-30T20:45:02.750] [DEBUG] default - 页面中不包含切换动画!
[2019-12-30T20:45:02.750] [INFO] default - 编译结束!
[2019-12-30T20:45:02.751] [INFO] default - 发送页面需要刷新命令!
[2019-12-30T20:45:02.757] [INFO] default - 读取成功: C:\Users\PUGE\Documents\GitHub\pack\control\src\main.css
[2019-12-30T20:45:02.758] [INFO] default - 读取成功: C:\Users\PUGE\Documents\GitHub\pack\control\src\main.js
[2019-12-30T20:45:02.758] [INFO] default - 主要逻辑文件写出成功!
[2019-12-30T20:45:02.760] [INFO] default - 写入文件: C:\Users\PUGE\Documents\GitHub\pack\control\dist\static\css\owo.main.css
[2019-12-30T20:45:02.760] [INFO] default - 写入文件: C:\Users\PUGE\Documents\GitHub\pack\control\dist\static\js\main.js
[2019-12-30T20:45:02.760] [INFO] default - 写入文件: C:\Users\PUGE\Documents\GitHub\pack\control\dist\static\css\main.css
